1 2 C
2 4300 C
4300 5610 C
5610 5611 G
5611 5612 G
5612 5613 C
5613 5614 T
5614 5615 G
5615 5616 C
5616 5617 T
5617 5618 C
5618 5619 T
5619 5620 C
5620 5621 T
5621 5622 G
5622 5623 C
5623 5624 C
5624 5625 T
5625 5626 T
5626 5627 C
5627 5628 A
5628 5629 C
5629 5630 G
5630 5631 G
5631 5632 T
5632 5633 G
5633 5634 G
5634 5635 C
5635 5636 C
5636 5637 T
5637 5638 T
5638 5639 A
5639 5640 C
5640 5641 G
5641 5642 G
5642 5643 A
5643 5644 A
5644 5645 C
5645 5646 A
5646 5647 C
5647 5648 C
5648 5649 G
5649 5650 C
5650 5651 C
5651 5652 G
5652 5653 G
5653 5654 A
5654 5655 G
5655 5656 A
5656 5657 T
5657 5658 T
5658 5659 G
5659 5660 T
5660 5661 A
5661 5662 G
5662 5663 G
5663 5664 G
5664 5665 C
5665 5666 C
5666 5667 T
5667 5668 T
5668 5669 C
5669 5670 T
5670 5671 G
5671 5672 G
5672 5673 T
5673 5674 C
5674 5675 T
5675 5676 T
5676 5677 T
5677 5678 G
5678 5679 G
5679 5680 T
5680 5681 G
5681 5682 A
5682 5683 T
5683 5684 C
5684 5685 T
5685 5686 T
5686 5687 C
5687 5688 T
5688 5689 T
5689 5690 G
5690 5691 G
5691 5692 C
5692 5693 C
5693 5694 G
4300 4301 G
4301 4302 G
4302 4303 C
4303 4304 C
4304 4305 T
4305 4306 A
4306 4307 C
4307 4308 G
4308 4309 T
4309 4310 G
4310 4311 A
4311 4312 C
4312 4313 C
4313 4314 A
4314 4315 C
4315 4316 T
4316 4317 C
4317 4318 T
4318 4319 C
4319 4320 C
4320 4321 C
4321 4322 C
4322 4323 C
4323 4324 G
4324 4325 C
4325 4326 A
4326 4327 G
4327 4328 C
4328 4329 G
4329 4330 G
4330 4331 G
4331 4332 G
4332 4333 T
4333 4334 C
4334 4335 C
4335 4336 C
4336 4337 G
4337 4338 A
4338 4339 G
4339 4340 A
4340 4341 G
4341 4342 C
4342 4343 T
4343 4344 C
4344 4345 C
4345 4346 C
4346 4347 A
4347 4348 A
4348 4349 G
4349 4350 A
4350 4351 T
4351 4352 T
4352 4353 A
4353 4354 A
4354 4355 T
4355 4356 C
4356 4357 C
4357 4358 C
4358 4359 T
4359 4360 A
4360 4361 G
4361 4362 A
4362 4363 C
4363 4364 C
4364 4365 T
4365 4366 A
4366 4367 T
4367 4368 G
4368 4369 C
4369 4370 T
4370 4371 A
4371 4372 C
4372 4373 G
4373 4374 T
4374 4375 G
4375 4376 G
4376 4377 C
4377 4378 C
4378 4379 A
4379 4380 A
2 456 G
456 7277 C
7277 7278 C
7278 7279 C
7279 7280 C
7280 7281 G
7281 7282 A
7282 7283 T
7283 7284 G
7284 7285 G
7285 7286 T
7286 7287 A
7287 7288 A
7288 7289 A
7289 7290 C
7290 7291 C
7291 7292 C
7292 7293 G
7293 7294 A
7294 7295 T
7295 7296 T
7296 7297 C
7297 7298 G
7298 7299 C
7299 7300 C
7300 7301 A
7301 7302 G
7302 7303 G
7303 7304 T
7304 7305 G
7305 7306 T
7306 7307 T
7307 7308 C
7308 7309 C
7309 7310 T
7310 7311 T
7311 7312 T
7312 7313 G
7313 7314 T
7314 7315 T
7315 7316 T
7316 7317 C
7317 7318 A
7318 7319 G
7319 7320 T
7320 7321 T
7321 7322 A
7322 7323 G
7323 7324 T
7324 7325 C
7325 7326 G
7326 7327 G
7327 7328 A
7328 7329 A
7329 7330 A
7330 7331 C
7331 7332 C
7332 7333 C
7333 7334 G
7334 7335 A
7335 7336 T
7336 7337 T
7337 7338 C
7338 7339 T
7339 7340 C
7340 7341 A
7341 7342 C
7342 7343 G
7343 7344 T
7344 7345 A
7345 7346 C
7346 7347 T
7347 7348 C
7348 7349 A
7349 7350 A
7350 7351 T
7351 7352 A
7352 7353 A
7353 7354 C
7354 7355 G
7355 7356 C
7356 7357 C
7357 7358 G
7358 7359 A
7359 7360 G
7360 7361 T
7361 7362 A
7362 7363 G
7363 7364 C
7364 7365 A
7365 7366 C
7366 7367 A
456 457 A
457 7109 C
7109 7110 T
7110 7111 C
7111 7112 C
7112 7113 T
7113 7114 T
7114 7115 C
7115 7116 A
7116 7117 A
7117 7118 C
7118 7119 A
7119 7120 G
7120 7121 C
7121 7122 G
7122 7123 G
7123 7124 A
7124 7125 G
7125 7126 C
7126 7127 G
7127 7128 A
7128 7129 C
7129 7130 T
7130 7131 A
7131 7132 C
7132 7133 G
7133 7134 G
7134 7135 G
7135 7136 A
7136 7137 C
7137 7138 G
7138 7139 C
7139 7140 C
7140 7141 C
7141 7142 C
7142 7143 A
7143 7144 C
7144 7145 G
7145 7146 C
7146 7147 C
7147 7148 T
7148 7149 T
7149 7150 C
7150 7151 G
7151 7152 C
7152 7153 C
7153 7154 A
7154 7155 A
7155 7156 C
7156 7157 C
7157 7158 A
7158 7159 C
7159 7160 T
7160 7161 A
7161 7162 C
7162 7163 G
7163 7164 C
7164 7165 A
7165 7166 A
7166 7167 G
7167 7168 C
7168 7169 T
7169 7170 T
7170 7171 A
7171 7172 A
7172 7173 C
7173 7174 G
7174 7175 G
7175 7176 G
7176 7177 G
7177 7178 C
7178 7179 A
7179 7180 C
7180 7181 C
7181 7182 G
7182 7183 G
7183 7184 A
7184 7185 T
7185 7186 T
7186 7187 T
7187 7188 G
7188 7189 A
7189 7190 A
7190 7191 G
7191 7192 A
7192 7193 T
7193 7194 A
7194 7195 A
7195 7196 C
457 458 G
458 459 C
459 460 T
460 461 C
461 462 G
462 463 T
463 464 T
464 465 T
465 466 T
466 467 A
467 468 G
468 469 A
469 470 T
470 471 C
471 472 G
472 473 G
473 474 C
474 475 A
475 476 T
476 477 T
477 478 C
478 479 G
479 480 A
480 481 C
481 482 C
482 483 A
483 484 C
484 485 A
485 486 G
486 487 A
487 488 C
488 489 A
489 490 A
490 491 T
491 492 T
492 493 T
493 494 A
494 495 T
495 496 T
496 497 G
497 498 G
498 499 T
499 500 T
500 501 C
501 502 C
502 503 C
503 504 A
504 505 G
505 506 A
506 507 G
507 508 A
508 509 C
509 510 A
510 511 G
511 512 C
512 513 A
513 514 C
514 515 T
515 516 A
516 517 T
517 518 C
518 519 G
519 520 T
520 521 G
521 522 C
522 523 G
523 524 G
524 525 C
525 526 T
526 527 G
527 528 G
528 529 T
529 530 G
530 531 G
531 532 T
532 533 C
533 534 A
534 535 G
535 536 T
536 537 T
537 538 T
538 539 G
539 540 C
540 541 T
541 542 G
542 543 T
543 544 G
544 545 T
545 546 C
546 547 C
547 548 T
548 549 T
549 550 C
550 551 G
551 552 A
456 4475 T
4475 4476 C
4476 6403 A
6403 6404 G
6404 6405 A
6405 6406 A
6406 6407 A
6407 6408 T
6408 6409 A
6409 6410 A
6410 6411 C
6411 6412 C
6412 6413 C
6413 6414 C
6414 6415 A
6415 6416 C
6416 6417 C
6417 6418 A
6418 6419 C
6419 6420 C
6420 6421 T
6421 6422 T
6422 6423 G
6423 6424 T
6424 6425 C
6425 6426 A
6426 6427 C
6427 6428 A
6428 6429 C
6429 6430 A
6430 6431 C
6431 6432 G
6432 6433 A
6433 6434 T
6434 6435 G
6435 6436 T
6436 6437 A
6437 6438 A
6438 6439 G
6439 6440 A
6440 6441 G
6441 6442 C
6442 6443 A
6443 6444 G
6444 6445 C
6445 6446 C
6446 6447 T
6447 6448 A
6448 6449 T
6449 6450 C
6450 6451 A
6451 6452 A
6452 6453 A
6453 6454 C
6454 6455 T
6455 6456 C
6456 6457 G
6457 6458 T
6458 6459 T
6459 6460 C
6460 6461 G
6461 6462 T
6462 6463 G
6463 6464 G
6464 6465 G
6465 6466 G
6466 6467 C
6467 6468 T
6468 6469 G
6469 6470 A
6470 6471 C
6471 6472 A
6472 6473 T
6473 6474 T
6474 6475 C
6475 6476 G
6476 6477 C
6477 6478 G
6478 6479 C
6479 6480 A
6480 6481 T
6481 6482 A
6482 6483 A
6483 6484 G
6484 6485 T
6485 6486 A
6486 6487 A
6487 6488 T
6488 6489 G
6489 6490 T
6490 6491 G
4476 4477 T
4477 4478 G
4478 4479 G
4479 4480 G
4480 4481 T
4481 4482 G
4482 4483 T
4483 4484 C
4484 4485 A
4485 4486 C
4486 4487 C
4487 4488 C
4488 4489 C
4489 4490 A
4490 4491 C
4491 4492 C
4492 4493 C
4493 4494 T
4494 4495 C
4495 4496 T
4496 4497 T
4497 4498 A
4498 4499 A
4499 4500 T
4500 4501 A
4501 4502 C
4502 4503 T
4503 4504 C
4504 4505 C
4505 4506 C
4506 4507 C
4507 4508 A
4508 4509 T
4509 4510 T
4510 4511 T
4511 4512 T
4512 4513 T
4513 4514 A
4514 4515 G
4515 4516 A
4516 4517 C
4517 4518 G
4518 4519 G
4519 4520 T
4520 4521 G
4521 4522 A
4522 4523 C
4523 4524 G
4524 4525 T
4525 4526 G
4526 4527 C
4527 4528 T
4528 4529 C
4529 4530 T
4530 4531 C
4531 4532 C
4532 4533 A
4533 4534 T
4534 4535 A
4535 4536 G
4536 4537 C
4537 4538 C
4538 4539 C
4539 4540 C
4540 4541 C
4541 4542 C
4542 4543 C
4543 4544 A
4544 4545 C
4545 4546 G
4546 4547 G
4547 4548 A
4548 4549 A
4549 4550 T
4550 4551 A
4551 4552 A
4552 4553 T
4553 4554 C
4554 4555 G
4555 4556 T
4556 4557 T
4557 4558 G
4558 4559 C
4559 4560 T
4560 4561 C
4561 4562 T
4562 4563 C
4563 4564 T
4564 4565 A
4565 4566 G
4566 4567 G
4567 4568 G
4568 4569 T
4569 4570 G
4570 4571 C
2 358 A
358 2717 C
2717 2718 A
2718 4904 A
4904 4905 C
4905 4906 G
4906 4907 G
4907 4908 C
4908 4909 A
4909 4910 C
4910 4911 C
4911 4912 T
4912 4913 C
4913 4914 A
4914 4915 A
4915 4916 T
4916 4917 T
4917 4918 A
4918 4919 T
4919 4920 T
4920 4921 G
4921 4922 G
4922 4923 C
4923 4924 C
4924 4925 A
4925 4926 T
4926 4927 A
4927 4928 A
4928 4929 C
4929 4930 T
4930 4931 A
4931 4932 T
4932 4933 G
4933 4934 T
4934 4935 G
4935 4936 T
4936 4937 A
4937 4938 C
4938 4939 A
4939 4940 A
4940 4941 A
4941 4942 G
4942 4943 G
4943 4944 A
4944 4945 G
4945 4946 A
4946 4947 C
4947 4948 G
4948 4949 A
4949 4950 A
4950 4951 T
4951 4952 T
4952 4953 A
4953 4954 T
4954 4955 A
4955 4956 C
4956 4957 T
4957 4958 A
4958 4959 G
4959 4960 C
4960 4961 A
4961 4962 A
4962 4963 T
4963 4964 C
4964 4965 C
4965 4966 A
4966 4967 A
4967 4968 T
4968 4969 T
4969 4970 G
4970 4971 C
4971 4972 G
4972 4973 A
4973 4974 C
4974 4975 T
4975 4976 T
4976 4977 C
4977 4978 A
4978 4979 G
4979 4980 A
4980 4981 T
4981 4982 G
4982 4983 G
4983 4984 G
2718 2719 T
2719 2720 T
2720 2721 A
2721 2722 T
2722 2723 G
2723 2724 G
2724 2725 A
2725 2726 G
2726 2727 C
2727 2728 A
2728 2729 G
2729 2730 G
2730 2731 G
2731 2732 T
2732 2733 G
2733 2734 T
2734 2735 T
2735 2736 T
2736 2737 C
2737 2738 T
2738 2739 A
2739 2740 T
2740 2741 A
2741 2742 A
2742 2743 A
2743 2744 C
2744 2745 A
2745 2746 A
2746 2747 C
2747 2748 C
2748 2749 A
2749 2750 C
2750 2751 T
2751 2752 T
2752 2753 C
2753 2754 A
2754 2755 A
2755 2756 C
2756 2757 A
2757 2758 G
2758 2759 G
2759 2760 C
2760 2761 A
2761 2762 C
2762 2763 A
2763 2764 C
2764 2765 C
2765 2766 A
2766 2767 G
2767 2768 G
2768 2769 C
2769 2770 C
2770 2771 C
2771 2772 C
2772 2773 C
2773 2774 T
2774 2775 A
2775 2776 C
2776 2777 C
2777 2778 C
2778 2779 A
2779 2780 T
2780 2781 G
2781 2782 C
2782 2783 T
2783 2784 G
2784 2785 C
2785 2786 A
2786 2787 G
2787 2788 C
2788 2789 G
2789 2790 C
2790 2791 T
2791 2792 A
2792 2793 A
2793 2794 C
2794 2795 A
2795 2796 C
2796 2797 G
2797 2798 A
2798 2799 G
2799 2800 T
2800 2801 C
2801 2802 T
2802 2803 T
2803 2804 G
2804 2805 G
2805 2806 G
2806 2807 C
2807 2808 A
2808 2809 T
2809 2810 A
2810 2811 T
2811 2812 A
2812 2813 A
2813 2814 T
2717 3432 T
3432 3433 A
3433 3434 T
3434 3435 T
3435 3436 C
3436 3437 A
3437 3438 C
3438 3439 A
3439 3440 T
3440 3441 A
3441 3442 T
3442 3443 G
3443 3444 G
3444 3445 T
3445 3446 G
3446 3447 C
3447 3448 T
3448 3449 G
3449 3450 A
3450 3451 C
3451 3452 A
3452 3453 A
3453 3454 A
3454 3455 C
3455 3456 T
3456 3457 C
3457 3458 A
3458 3459 T
3459 3460 G
3460 3461 A
3461 3462 G
3462 3463 C
3463 3464 T
3464 3465 G
3465 3466 C
3466 3467 T
3467 3468 G
3468 3469 G
3469 3470 A
3470 3471 G
3471 3472 G
3472 3473 G
3473 3474 C
3474 3475 G
3475 3476 A
3476 3477 C
3477 3478 T
3478 3479 G
3479 3480 T
3480 3481 T
3481 3482 G
3482 3483 T
3483 3484 A
3484 3485 G
3485 3486 T
3486 3487 A
3487 3488 A
3488 3489 C
3489 3490 C
3490 3491 C
3491 3492 G
3492 3493 T
3493 3494 A
3494 3495 A
3495 3496 A
3496 3497 G
3497 3498 T
3498 3499 A
3499 3500 G
3500 3501 A
3501 3502 G
3502 3503 C
3503 3504 G
3504 3505 C
3505 3506 G
3506 3507 A
3507 3508 A
3508 3509 T
3509 3510 T
3510 3511 A
3511 3512 A
3512 3513 C
3513 3514 T
3514 3515 A
3515 3516 C
3516 3517 C
3517 3518 C
3518 3519 C
3519 3520 G
3520 3521 T
3521 3522 T
3522 3523 A
3523 3524 T
358 1203 G
1203 1204 G
1204 1205 C
1205 1206 A
1206 1207 C
1207 1208 C
1208 1209 T
1209 1210 A
1210 1211 G
1211 1212 C
1212 1213 C
1213 1214 C
1214 1215 G
1215 1216 T
1216 1217 T
1217 1218 G
1218 1219 T
1219 1220 T
1220 1221 A
1221 1222 T
1222 1223 A
1223 1224 T
1224 1225 A
1225 1226 C
1226 1227 C
1227 1228 G
1228 1229 C
1229 1230 C
1230 1231 G
1231 1232 C
1232 1233 A
1233 1234 A
1234 1235 A
1235 1236 A
1236 1237 G
1237 1238 G
1238 1239 A
1239 1240 C
1240 1241 G
1241 1242 C
1242 1243 T
1243 1244 G
1244 1245 T
1245 1246 A
1246 1247 A
1247 1248 T
1248 1249 C
1249 1250 A
1250 1251 G
1251 1252 T
1252 1253 A
1253 1254 C
1254 1255 G
1255 1256 C
1256 1257 T
1257 1258 G
1258 1259 G
1259 1260 A
1260 1261 T
1261 1262 A
1262 1263 T
1263 1264 T
1264 1265 A
1265 1266 A
1266 1267 T
1267 1268 T
1268 1269 C
1269 1270 A
1270 1271 C
1271 1272 C
1272 1273 T
1273 1274 T
1274 1275 G
1275 1276 C
1276 1277 A
1277 1278 A
1278 1279 T
1279 1280 G
1280 1281 G
1281 1282 A
1282 1283 A
1283 1284 G
1284 1285 T
1285 1286 C
1286 1287 C
1287 1288 A
1288 1289 A
1289 1290 C
1290 1291 T
1291 1292 G
1292 1293 T
1293 1294 G
1294 1295 C
1295 1296 A
1296 1297 C
1297 1298 G
1298 1299 G
1203 5695 A
5695 5696 A
5696 5697 T
5697 5698 C
5698 5699 T
5699 5700 A
5700 5701 T
5701 5702 A
5702 5703 A
5703 5704 C
5704 5705 T
5705 5706 T
5706 5707 G
5707 5708 T
5708 5709 T
5709 5710 T
5710 5711 T
5711 5712 C
5712 5713 C
5713 5714 A
5714 5715 C
5715 5716 T
5716 5717 A
5717 5718 A
5718 5719 A
5719 5720 T
5720 5721 T
5721 5722 G
5722 5723 G
5723 5724 G
5724 5725 A
5725 5726 T
5726 5727 A
5727 5728 G
5728 5729 T
5729 5730 T
5730 5731 T
5731 5732 G
5732 5733 G
5733 5734 C
5734 5735 T
5735 5736 A
5736 5737 A
5737 5738 G
5738 5739 A
5739 5740 A
5740 5741 A
5741 5742 G
5742 5743 A
5743 5744 C
5744 5745 T
5745 5746 A
5746 5747 T
5747 5748 C
5748 5749 C
5749 5750 T
5750 5751 T
5751 5752 C
5752 5753 G
5753 5754 A
5754 5755 T
5755 5756 T
5756 5757 A
5757 5758 G
5758 5759 A
5759 5760 T
5760 5761 T
5761 5762 C
5762 5763 A
5763 5764 A
5764 5765 A
5765 5766 T
5766 5767 A
5767 5768 A
5768 5769 G
5769 5770 G
5770 5771 C
5771 5772 T
5772 5773 T
5773 5774 G
5774 5775 T
5775 5776 G
5776 5777 A
5777 5778 T
5778 5779 T
5779 5780 C
5780 5781 G
358 359 A
359 360 T
360 361 T
361 362 T
362 363 G
363 364 G
364 365 T
365 366 A
366 367 G
367 368 T
368 369 G
369 370 T
370 371 T
371 372 T
372 373 T
373 374 G
374 375 T
375 376 C
376 377 G
377 378 A
378 379 T
379 380 A
380 381 G
381 382 T
382 383 A
383 384 C
384 385 G
385 386 A
386 387 A
387 388 G
388 389 A
389 390 G
390 391 C
391 392 C
392 393 C
393 394 C
394 395 C
395 396 A
396 397 C
397 398 C
398 399 G
399 400 C
400 401 T
401 402 T
402 403 G
403 404 T
404 405 A
405 406 A
406 407 G
407 408 C
408 409 C
409 410 T
410 411 A
411 412 T
412 413 C
413 414 G
414 415 T
415 416 A
416 417 C
417 418 G
418 419 G
419 420 C
420 421 G
421 422 C
422 423 G
423 424 A
424 425 G
425 426 A
426 427 A
427 428 A
428 429 T
429 430 T
430 431 C
431 432 C
432 433 C
433 434 T
434 435 T
435 436 T
436 437 A
437 438 C
438 439 C
439 440 G
440 441 C
441 442 T
442 443 C
443 444 C
444 445 C
445 446 C
446 447 G
447 448 G
448 449 T
449 450 G
450 451 C
451 452 G
452 453 A
453 454 T
454 455 G
358 6312 T
6312 6313 T
6313 6314 C
6314 6315 T
6315 6316 A
6316 6317 C
6317 6318 C
6318 6319 G
6319 6320 A
6320 6321 G
6321 6322 G
6322 6323 G
6323 6324 T
6324 6325 C
6325 6326 G
6326 6327 G
6327 6328 G
6328 6329 G
6329 6330 C
6330 6331 A
6331 6332 G
6332 6333 A
6333 6334 T
6334 6335 G
6335 6336 A
6336 6337 T
6337 6338 G
6338 6339 T
6339 6340 T
6340 6341 T
6341 6342 T
6342 6343 G
6343 6344 T
6344 6345 A
6345 6346 T
6346 6347 C
6347 6348 C
6348 6349 A
6349 6350 A
6350 6351 G
6351 6352 A
6352 6353 T
6353 6354 A
6354 6355 T
6355 6356 A
6356 6357 A
6357 6358 G
6358 6359 A
6359 6360 A
6360 6361 A
6361 6362 G
6362 6363 A
6363 6364 T
6364 6365 A
6365 6366 A
6366 6367 T
6367 6368 T
6368 6369 G
6369 6370 T
6370 6371 A
6371 6372 A
6372 6373 G
6373 6374 G
6374 6375 T
6375 6376 G
6376 6377 T
6377 6378 A
6378 6379 C
6379 6380 A
6380 6381 G
6381 6382 G
6382 6383 T
6383 6384 A
6384 6385 T
6385 6386 A
6386 6387 G
6387 6388 C
6388 6389 A
6389 6390 C
6390 6391 G
6391 6392 C
6392 6393 A
6393 6394 C
6394 6395 G
6395 6396 A
6396 6397 T
6397 6398 C
6398 6399 A
6399 6400 C
6400 6401 C
6401 6402 G
2 3 T
3 4 G
4 5 G
5 6 A
6 7 G
7 8 T
8 9 G
9 10 A
10 11 T
11 12 T
12 13 T
13 14 G
14 15 G
15 16 G
16 17 G
17 18 T
18 19 A
19 20 C
20 21 T
21 22 G
22 23 A
23 24 T
24 25 A
25 26 C
26 27 T
27 28 G
28 29 G
29 30 C
30 31 C
31 32 A
32 33 T
33 34 C
34 35 G
35 36 G
36 37 T
37 38 G
38 39 A
39 40 C
40 41 G
41 42 C
42 43 C
43 44 G
44 45 T
45 46 C
46 47 G
47 48 A
48 49 T
49 50 T
50 51 G
51 52 C
52 53 C
53 54 A
54 55 T
55 56 A
56 57 C
57 58 G
58 59 C
59 60 G
60 61 C
61 62 A
62 63 A
63 64 T
64 65 A
65 66 G
66 67 G
67 68 G
68 69 C
69 70 A
70 71 C
71 72 T
72 73 G
73 74 T
74 75 T
75 76 T
76 77 A
77 78 C
78 79 C
79 80 C
80 81 G
81 82 C
82 83 G
83 84 T
84 85 G
85 86 G
86 87 C
87 88 G
88 89 G
89 90 A
90 91 T
91 92 T
5 7197 T
7197 7198 G
7198 7199 C
7199 7200 T
7200 7201 C
7201 7202 T
7202 7203 A
7203 7204 G
7204 7205 C
7205 7206 G
7206 7207 A
7207 7208 T
7208 7209 A
7209 7210 T
7210 7211 A
7211 7212 A
7212 7213 A
7213 7214 T
7214 7215 A
7215 7216 T
7216 7217 T
7217 7218 C
7218 7219 G
7219 7220 C
7220 7221 G
7221 7222 A
7222 7223 T
7223 7224 A
7224 7225 T
7225 7226 C
7226 7227 C
7227 7228 T
7228 7229 A
7229 7230 T
7230 7231 A
7231 7232 T
7232 7233 C
7233 7234 T
7234 7235 C
7235 7236 G
7236 7237 C
7237 7238 G
7238 7239 A
7239 7240 A
7240 7241 T
7241 7242 A
7242 7243 G
7243 7244 C
7244 7245 A
7245 7246 G
7246 7247 C
7247 7248 G
7248 7249 C
7249 7250 C
7250 7251 T
7251 7252 A
7252 7253 C
7253 7254 C
7254 7255 A
7255 7256 C
7256 7257 G
7257 7258 G
7258 7259 T
7259 7260 A
7260 7261 T
7261 7262 G
7262 7263 G
7263 7264 A
7264 7265 G
7265 7266 G
7266 7267 A
7267 7268 C
7268 7269 C
7269 7270 G
7270 7271 A
7271 7272 A
7272 7273 G
7273 7274 T
7274 7275 C
7275 7276 A
4 3085 T
3085 3086 C
3086 3087 G
3087 3088 C
3088 3089 A
3089 3090 T
3090 3091 A
3091 3092 T
3092 3093 A
3093 3094 G
3094 3095 T
3095 3096 T
3096 3097 C
3097 3098 A
3098 3099 A
3099 3100 G
3100 3101 C
3101 3102 G
3102 3103 A
3103 3104 T
3104 3105 C
3105 3106 A
3106 3107 A
3107 3108 A
3108 3109 C
3109 3110 C
3110 3111 A
3111 3112 C
3112 3113 C
3113 3114 C
3114 3115 T
3115 3116 A
3116 3117 T
3117 3118 T
3118 3119 A
3119 3120 A
3120 3121 T
3121 3122 C
3122 3123 T
3123 3124 C
3124 3125 C
3125 3126 A
3126 3127 G
3127 3128 A
3128 3129 T
3129 3130 A
3130 3131 A
3131 3132 T
3132 3133 G
3133 3134 A
3134 3135 C
3135 3136 A
3136 3137 A
3137 3138 T
3138 3139 T
3139 3140 A
3140 3141 G
3141 3142 A
3142 3143 A
3143 3144 T
3144 3145 G
3145 3146 T
3146 3147 A
3147 3148 C
3148 3149 A
3149 3150 C
3150 3151 G
3151 3152 C
3152 3153 T
3153 3154 C
3154 3155 G
3155 3156 G
3156 3157 G
3157 3158 C
3158 3159 C
3159 3160 T
3160 3161 T
3161 3162 A
3162 3163 G
3163 3164 T
3164 3165 G
3165 3166 C
3166 3167 G
3167 3168 T
3168 3169 T
3169 3170 G
3170 3171 C
3171 3172 C
3172 3173 G
3173 3174 G
3174 3175 T
3175 3176 T
3 2020 A
2020 2021 G
2021 2022 T
2022 2023 A
2023 2024 C
2024 2025 T
2025 2026 T
2026 2027 C
2027 2028 T
2028 2029 T
2029 2030 G
2030 2031 T
2031 2032 C
2032 2033 T
2033 2034 C
2034 2035 G
2035 2036 A
2036 2037 C
2037 2038 G
2038 2039 T
2039 2040 A
2040 2041 C
2041 2042 C
2042 2043 G
2043 2044 A
2044 2045 G
2045 2046 G
2046 2047 C
2047 2048 G
2048 2049 A
2049 2050 C
2050 2051 A
2051 2052 C
2052 2053 T
2053 2054 A
2054 2055 A
2055 2056 A
2056 2057 A
2057 2058 G
2058 2059 G
2059 2060 C
2060 2061 G
2061 2062 T
2062 2063 T
2063 2064 A
2064 2065 C
2065 2066 G
2066 2067 T
2067 2068 G
2068 2069 G
2069 2070 G
2070 2071 T
2071 2072 G
2072 2073 C
2073 2074 C
2074 2075 C
2075 2076 T
2076 2077 A
2077 2078 A
2078 2079 A
2079 2080 G
2080 2081 A
2081 2082 C
2082 2083 G
2083 2084 G
2084 2085 A
2085 2086 C
2086 2087 C
2087 2088 C
2088 2089 T
2089 2090 T
2090 2091 G
2091 2092 A
2092 2093 T
2093 2094 A
2094 2095 A
2095 2096 A
2096 2097 A
2097 2098 G
2098 2099 C
2099 2100 T
2100 2101 A
2101 2102 T
2102 2103 C
2103 2104 A
2104 2105 G
2105 2106 G
2106 2107 C
2107 2108 G
2108 2109 A
2109 2110 T
2110 2111 G
2111 2112 A
2020 6220 A
6220 6221 A
6221 6222 A
6222 6223 C
6223 6224 T
6224 6225 T
6225 6226 A
6226 6227 A
6227 6228 G
6228 6229 C
6229 6230 C
6230 6231 T
6231 6232 A
6232 6233 G
6233 6234 G
6234 6235 T
6235 6236 A
6236 6237 G
6237 6238 A
6238 6239 C
6239 6240 G
6240 6241 A
6241 6242 A
6242 6243 A
6243 6244 C
6244 6245 T
6245 6246 G
6246 6247 G
6247 6248 A
6248 6249 A
6249 6250 C
6250 6251 G
6251 6252 C
6252 6253 A
6253 6254 T
6254 6255 A
6255 6256 T
6256 6257 G
6257 6258 G
6258 6259 C
6259 6260 A
6260 6261 A
6261 6262 C
6262 6263 A
6263 6264 T
6264 6265 C
6265 6266 T
6266 6267 T
6267 6268 T
6268 6269 T
6269 6270 T
6270 6271 C
6271 6272 G
6272 6273 T
6273 6274 G
6274 6275 A
6275 6276 C
6276 6277 G
6277 6278 A
6278 6279 T
6279 6280 T
6280 6281 A
6281 6282 A
6282 6283 A
6283 6284 C
6284 6285 G
6285 6286 T
6286 6287 A
6287 6288 T
6288 6289 T
6289 6290 A
6290 6291 G
6291 6292 C
6292 6293 T
6293 6294 C
6294 6295 T
6295 6296 A
6296 6297 G
6297 6298 C
6298 6299 G
6299 6300 A
6300 6301 A
6301 6302 C
6302 6303 C
6303 6304 T
6304 6305 C
6305 6306 C
6306 6307 A
6307 6308 A
6308 6309 G
6309 6310 C
6310 6311 G
2020 2368 T
2368 2369 A
2369 2370 A
2370 2371 C
2371 2372 G
2372 2373 C
2373 2374 T
2374 2375 T
2375 2376 C
2376 2377 G
2377 2378 C
2378 2379 G
2379 2380 A
2380 2381 G
2381 2382 G
2382 2383 G
2383 2384 T
2384 2385 C
2385 2386 G
2386 2387 T
2387 2388 T
2388 2389 C
2389 2390 T
2390 2391 G
2391 2392 A
2392 2393 C
2393 2394 C
2394 2395 A
2395 2396 A
2396 2397 G
2397 2398 G
2398 2399 C
2399 2400 A
2400 2401 A
2401 2402 A
2402 2403 G
2403 2404 C
2404 2405 A
2405 2406 T
2406 2407 T
2407 2408 G
2408 2409 T
2409 2410 T
2410 2411 G
2411 2412 T
2412 2413 C
2413 2414 A
2414 2415 T
2415 2416 A
2416 2417 C
2417 2418 C
2418 2419 T
2419 2420 C
2420 2421 A
2421 2422 T
2422 2423 G
2423 2424 T
2424 2425 A
2425 2426 G
2426 2427 T
2427 2428 C
2428 2429 T
2429 2430 A
2430 2431 G
2431 2432 C
2432 2433 A
2433 2434 G
2434 2435 A
2435 2436 G
2436 2437 A
2437 2438 A
2438 2439 A
2439 2440 A
2440 2441 T
2441 2442 T
2442 2443 T
2443 2444 C
2444 2445 A
2445 2446 T
2446 2447 C
2447 2448 C
2448 2449 T
2449 2450 A
2450 2451 T
2451 2452 T
2452 2453 G
2453 2454 A
2454 2455 C
2455 2456 G
2456 2457 T
2457 2458 G
2458 2459 T
2459 2460 G
2460 2461 G
2461 2462 C
2462 2463 A
2463 2464 A
3 4038 T
4038 4381 G
4381 4382 T
4382 5949 C
5949 5950 G
5950 5951 A
5951 5952 C
5952 5953 C
5953 5954 A
5954 5955 A
5955 5956 C
5956 5957 C
5957 5958 G
5958 5959 G
5959 5960 C
5960 5961 C
5961 5962 C
5962 5963 G
5963 5964 T
5964 5965 G
5965 5966 A
5966 5967 T
5967 5968 T
5968 5969 T
5969 5970 C
5970 5971 T
5971 5972 C
5972 5973 A
5973 5974 A
5974 5975 T
5975 5976 G
5976 5977 A
5977 5978 G
5978 5979 G
5979 5980 T
5980 5981 A
5981 5982 A
5982 5983 A
5983 5984 A
5984 5985 T
5985 5986 T
5986 5987 T
5987 5988 A
5988 5989 G
5989 5990 C
5990 5991 C
5991 5992 C
5992 5993 G
5993 5994 A
5994 5995 C
5995 5996 T
5996 5997 T
5997 5998 G
5998 5999 C
5999 6000 G
6000 6001 A
6001 6002 G
6002 6003 T
6003 6004 G
6004 6005 A
6005 6006 C
6006 6007 G
6007 6008 C
6008 6009 T
6009 6010 C
6010 6011 G
6011 6012 A
6012 6013 A
6013 6014 C
6014 6015 G
6015 6016 T
6016 6017 G
6017 6018 C
6018 6019 T
6019 6020 A
6020 6021 A
6021 6022 G
6022 6023 G
6023 6024 T
6024 6025 C
6025 6026 A
6026 6027 C
6027 6028 C
6028 6029 A
6029 6030 A
6030 6031 A
6031 6032 A
6032 6033 C
6033 6034 G
6034 6035 T
6035 6036 G
6036 6037 A
6037 6038 C
6038 6039 A
4382 4383 A
4383 4384 A
4384 4385 G
4385 4386 C
4386 4387 T
4387 4388 C
4388 4389 A
4389 4390 A
4390 4391 G
4391 4392 T
4392 4393 T
4393 4394 C
4394 4395 A
4395 4396 A
4396 4397 G
4397 4398 C
4398 4399 C
4399 4400 T
4400 4401 A
4401 4402 A
4402 4403 G
4403 4404 T
4404 4405 A
4405 4406 C
4406 4407 T
4407 4408 T
4408 4409 T
4409 4410 T
4410 4411 G
4411 4412 T
4412 4413 A
4413 4414 C
4414 4415 T
4415 4416 T
4416 4417 G
4417 4418 G
4418 4419 T
4419 4420 G
4420 4421 T
4421 4422 C
4422 4423 G
4423 4424 A
4424 4425 A
4425 4426 G
4426 4427 C
4427 4428 C
4428 4429 A
4429 4430 A
4430 4431 A
4431 4432 T
4432 4433 C
4433 4434 A
4434 4435 A
4435 4436 G
4436 4437 C
4437 4438 A
4438 4439 G
4439 4440 C
4440 4441 A
4441 4442 T
4442 4443 A
4443 4444 A
4444 4445 A
4445 4446 A
4446 4447 C
4447 4448 T
4448 4449 T
4449 4450 G
4450 4451 T
4451 4452 A
4452 4453 C
4453 4454 A
4454 4455 G
4455 4456 G
4456 4457 T
4457 4458 G
4458 4459 T
4459 4460 T
4460 4461 G
4461 4462 T
4462 4463 A
4463 4464 C
4464 4465 C
4465 4466 G
4466 4467 G
4467 4468 A
4468 4469 T
4469 4470 G
4470 4471 G
4471 4472 C
4472 4473 A
4473 4474 C
4038 4039 A
4039 4040 A
4040 4041 T
4041 4042 A
4042 4043 A
4043 4044 A
4044 4045 T
4045 4046 T
4046 4047 C
4047 4048 C
4048 4049 A
4049 4050 A
4050 4051 C
4051 4052 C
4052 4053 G
4053 4054 G
4054 4055 A
4055 4056 A
4056 4057 G
4057 4058 G
4058 4059 C
4059 4060 G
4060 4061 A
4061 4062 G
4062 4063 G
4063 4064 G
4064 4065 C
4065 4066 G
4066 4067 A
4067 4068 G
4068 4069 C
4069 4070 G
4070 4071 G
4071 4072 A
4072 4073 C
4073 4074 T
4074 4075 C
4075 4076 A
4076 4077 T
4077 4078 T
4078 4079 C
4079 4080 C
4080 4081 G
4081 4082 T
4082 4083 G
4083 4084 A
4084 4085 G
4085 4086 C
4086 4087 C
4087 4088 A
4088 4089 A
4089 4090 C
4090 4091 G
4091 4092 G
4092 4093 G
4093 4094 G
4094 4095 G
4095 4096 G
4096 4097 C
4097 4098 A
4098 4099 A
4099 4100 G
4100 4101 C
4101 4102 T
4102 4103 A
4103 4104 C
4104 4105 G
4105 4106 A
4106 4107 G
4107 4108 C
4108 4109 A
4109 4110 A
4110 4111 G
4111 4112 G
4112 4113 G
4113 4114 C
4114 4115 T
4115 4116 C
4116 4117 A
4117 4118 T
4118 4119 C
4119 4120 T
4120 4121 T
4121 4122 G
4122 4123 C
4123 4124 C
4124 4125 C
1 277 G
277 2202 C
2202 2465 G
2465 2466 T
2466 2467 G
2467 2468 G
2468 2469 A
2469 2470 A
2470 2471 G
2471 2472 T
2472 2473 G
2473 2474 T
2474 2475 C
2475 2476 C
2476 2477 G
2477 2478 C
2478 2479 G
2479 2480 C
2480 2481 A
2481 2482 G
2482 2483 C
2483 2484 G
2484 2485 T
2485 2486 T
2486 2487 A
2487 2488 T
2488 2489 G
2489 2490 T
2490 2491 C
2491 2492 A
2492 2493 A
2493 2494 T
2494 2495 T
2495 2496 G
2496 2497 C
2497 2498 T
2498 2499 G
2499 2500 T
2500 2501 A
2501 2502 T
2502 2503 T
2503 2504 C
2504 2505 A
2505 2506 A
2506 2507 C
2507 2508 T
2508 2509 G
2509 2510 A
2510 2511 G
2511 2512 G
2512 2513 T
2513 2514 A
2514 2515 C
2515 2516 G
2516 2517 C
2517 2518 C
2518 2519 G
2519 2520 A
2520 2521 C
2521 2522 T
2522 2523 T
2523 2524 T
2524 2525 C
2525 2526 C
2526 2527 G
2527 2528 C
2528 2529 A
2529 2530 T
2530 2531 G
2531 2532 T
2532 2533 G
2533 2534 C
2534 2535 A
2535 2536 C
2536 2537 A
2537 2538 G
2538 2539 G
2539 2540 A
2540 2541 T
2541 2542 G
2542 2543 A
2543 2544 T
2544 2545 T
2545 2546 T
2546 2547 G
2547 2548 G
2548 2549 G
2549 2550 T
2550 2551 C
2202 2203 A
2203 2204 G
2204 2205 T
2205 2206 C
2206 2207 C
2207 2208 G
2208 2209 C
2209 2210 C
2210 2211 G
2211 2212 A
2212 2213 G
2213 2214 G
2214 2215 A
2215 2216 C
2216 2217 A
2217 2218 A
2218 2219 A
2219 2220 C
2220 2221 C
2221 2222 T
2222 2223 A
2223 2224 G
2224 2225 T
2225 2226 A
2226 2227 T
2227 2228 A
2228 2229 C
2229 2230 A
2230 2231 A
2231 2232 A
2232 2233 A
2233 2234 T
2234 2235 G
2235 2236 T
2236 2237 A
2237 2238 A
2238 2239 C
2239 2240 C
2240 2241 C
2241 2242 G
2242 2243 C
2243 2244 A
2244 2245 G
2245 2246 G
2246 2247 A
2247 2248 T
2248 2249 A
2249 2250 A
2250 2251 G
2251 2252 A
2252 2253 T
2253 2254 C
2254 2255 G
2255 2256 A
2256 2257 T
2257 2258 C
2258 2259 T
2259 2260 A
2260 2261 C
2261 2262 T
2262 2263 T
2263 2264 A
2264 2265 G
2265 2266 A
2266 2267 T
2267 2268 T
2268 2269 A
2269 2270 G
2270 2271 G
2271 2272 A
2272 2273 C
2273 2274 G
2274 2275 G
2275 2276 G
2276 2277 G
2277 2278 A
2278 2279 G
2279 2280 G
2280 2281 G
2281 2282 C
2282 2283 T
2283 2284 C
2284 2285 C
2285 2286 G
2286 2287 G
2287 2288 C
2288 2289 A
2202 4206 T
4206 4207 C
4207 5529 C
5529 5530 G
5530 5531 T
5531 5532 C
5532 5533 G
5533 5534 A
5534 5535 A
5535 5536 G
5536 5537 T
5537 5538 C
5538 5539 G
5539 5540 C
5540 5541 T
5541 5542 T
5542 5543 T
5543 5544 A
5544 5545 G
5545 5546 T
5546 5547 C
5547 5548 C
5548 5549 C
5549 5550 G
5550 5551 A
5551 5552 G
5552 5553 G
5553 5554 G
5554 5555 C
5555 5556 T
5556 5557 C
5557 5558 G
5558 5559 C
5559 5560 T
5560 5561 C
5561 5562 G
5562 5563 A
5563 5564 A
5564 5565 T
5565 5566 T
5566 5567 T
5567 5568 G
5568 5569 G
5569 5570 C
5570 5571 T
5571 5572 A
5572 5573 T
5573 5574 C
5574 5575 A
5575 5576 C
5576 5577 C
5577 5578 C
5578 5579 A
5579 5580 C
5580 5581 G
5581 5582 A
5582 5583 T
5583 5584 G
5584 5585 G
5585 5586 C
5586 5587 C
5587 5588 C
5588 5589 C
5589 5590 T
5590 5591 A
5591 5592 A
5592 5593 T
5593 5594 C
5594 5595 G
5595 5596 G
5596 5597 T
5597 5598 T
5598 5599 T
5599 5600 G
5600 5601 C
5601 5602 G
5602 5603 A
5603 5604 A
5604 5605 G
5605 5606 A
5606 5607 G
5607 5608 A
5608 5609 G
4207 4208 A
4208 4209 G
4209 4210 T
4210 4211 C
4211 4212 C
4212 4213 T
4213 4214 A
4214 4215 A
4215 4216 A
4216 4217 C
4217 4218 T
4218 4219 C
4219 4220 A
4220 4221 C
4221 4222 A
4222 4223 A
4223 4224 G
4224 4225 T
4225 4226 A
4226 4227 T
4227 4228 G
4228 4229 G
4229 4230 G
4230 4231 A
4231 4232 A
4232 4233 C
4233 4234 G
4234 4235 C
4235 4236 C
4236 4237 C
4237 4238 T
4238 4239 T
4239 4240 C
4240 4241 C
4241 4242 T
4242 4243 C
4243 4244 A
4244 4245 G
4245 4246 A
4246 4247 A
4247 4248 G
4248 4249 A
4249 4250 C
4250 4251 G
4251 4252 A
4252 4253 T
4253 4254 C
4254 4255 A
4255 4256 C
4256 4257 A
4257 4258 T
4258 4259 G
4259 4260 A
4260 4261 C
4261 4262 A
4262 4263 C
4263 4264 C
4264 4265 A
4265 4266 T
4266 4267 C
4267 4268 C
4268 4269 A
4269 4270 C
4270 4271 G
4271 4272 G
4272 4273 G
4273 4274 C
4274 4275 G
4275 4276 T
4276 4277 C
4277 4278 G
4278 4279 C
4279 4280 C
4280 4281 T
4281 4282 C
4282 4283 T
4283 4284 A
4284 4285 G
4285 4286 T
4286 4287 A
4287 4288 C
4288 4289 T
4289 4290 C
4290 4291 A
4291 4292 C
4292 4293 G
4293 4294 A
4294 4295 C
4295 4296 T
4296 4297 G
4297 4298 T
4298 4299 C
4206 6130 A
6130 6131 A
6131 6132 C
6132 6133 A
6133 6134 T
6134 6135 G
6135 6136 T
6136 6137 A
6137 6138 A
6138 6139 C
6139 6140 A
6140 6141 C
6141 6142 A
6142 6143 T
6143 6144 C
6144 6145 G
6145 6146 T
6146 6147 T
6147 6148 A
6148 6149 A
6149 6150 G
6150 6151 C
6151 6152 G
6152 6153 C
6153 6154 T
6154 6155 G
6155 6156 G
6156 6157 C
6157 6158 G
6158 6159 A
6159 6160 G
6160 6161 C
6161 6162 T
6162 6163 G
6163 6164 G
6164 6165 G
6165 6166 T
6166 6167 C
6167 6168 G
6168 6169 G
6169 6170 G
6170 6171 T
6171 6172 T
6172 6173 C
6173 6174 A
6174 6175 C
6175 6176 T
6176 6177 T
6177 6178 T
6178 6179 T
6179 6180 A
6180 6181 C
6181 6182 G
6182 6183 G
6183 6184 A
6184 6185 A
6185 6186 G
6186 6187 C
6187 6188 G
6188 6189 T
6189 6190 C
6190 6191 G
6191 6192 T
6192 6193 C
6193 6194 T
6194 6195 A
6195 6196 G
6196 6197 C
6197 6198 G
6198 6199 G
6199 6200 C
6200 6201 A
6201 6202 T
6202 6203 G
6203 6204 G
6204 6205 T
6205 6206 G
6206 6207 T
6207 6208 A
6208 6209 A
6209 6210 G
6210 6211 A
6211 6212 T
6212 6213 C
6213 6214 C
6214 6215 C
6215 6216 T
6216 6217 G
6217 6218 G
6218 6219 A
277 278 A
278 4126 C
4126 4127 A
4127 4128 C
4128 4129 G
4129 4130 C
4130 4131 C
4131 4132 C
4132 4133 C
4133 4134 A
4134 4135 C
4135 4136 A
4136 4137 G
4137 4138 G
4138 4139 G
4139 4140 T
4140 4141 T
4141 4142 A
4142 4143 A
4143 4144 A
4144 4145 C
4145 4146 T
4146 4147 G
4147 4148 T
4148 4149 C
4149 4150 A
4150 4151 A
4151 4152 A
4152 4153 A
4153 4154 T
4154 4155 A
4155 4156 A
4156 4157 A
4157 4158 T
4158 4159 T
4159 4160 G
4160 4161 T
4161 4162 C
4162 4163 A
4163 4164 T
4164 4165 T
4165 4166 A
4166 4167 A
4167 4168 C
4168 4169 C
4169 4170 C
4170 4171 C
4171 4172 C
4172 4173 T
4173 4174 T
4174 4175 G
4175 4176 A
4176 4177 T
4177 4178 G
4178 4179 C
4179 4180 G
4180 4181 T
4181 4182 G
4182 4183 T
4183 4184 T
4184 4185 T
4185 4186 G
4186 4187 A
4187 4188 T
4188 4189 T
4189 4190 A
4190 4191 T
4191 4192 A
4192 4193 A
4193 4194 G
4194 4195 A
4195 4196 T
4196 4197 T
4197 4198 G
4198 4199 C
4199 4200 A
4200 4201 A
4201 4202 T
4202 4203 C
4203 4204 T
4204 4205 C
278 1739 G
1739 1740 A
1740 1741 C
1741 1742 A
1742 1743 G
1743 1744 A
1744 1745 C
1745 1746 C
1746 1747 C
1747 1748 T
1748 1749 T
1749 1750 C
1750 1751 T
1751 1752 T
1752 1753 A
1753 1754 T
1754 1755 G
1755 1756 C
1756 1757 C
1757 1758 A
1758 1759 A
1759 1760 G
1760 1761 T
1761 1762 G
1762 1763 G
1763 1764 T
1764 1765 G
1765 1766 G
1766 1767 T
1767 1768 G
1768 1769 T
1769 1770 C
1770 1771 C
1771 1772 A
1772 1773 T
1773 1774 A
1774 1775 T
1775 1776 T
1776 1777 A
1777 1778 A
1778 1779 G
1779 1780 A
1780 1781 C
1781 1782 A
1782 1783 A
1783 1784 T
1784 1785 G
1785 1786 C
1786 1787 G
1787 1788 T
1788 1789 A
1789 1790 G
1790 1791 C
1791 1792 G
1792 1793 G
1793 1794 C
1794 1795 A
1795 1796 C
1796 1797 G
1797 1798 G
1798 1799 G
1799 1800 G
1800 1801 A
1801 1802 T
1802 1803 G
1803 1804 A
1804 1805 A
1805 1806 G
1806 1807 C
1807 1808 T
1808 1809 C
1809 1810 A
1810 1811 G
1811 1812 G
1812 1813 C
1813 1814 G
1814 1815 C
1815 1816 T
1816 1817 T
1817 1818 C
1818 1819 A
1819 1820 G
1820 1821 C
1821 1822 C
1822 1823 A
1823 1824 T
1824 1825 G
1825 1826 T
1826 1827 C
1827 1828 A
1828 1829 T
1829 1830 G
1830 1831 G
1831 1832 T
1832 1833 T
1833 1834 G
1834 1835 G
1835 1836 C
278 3257 A
3257 3258 C
3258 3259 A
3259 3260 C
3260 3261 T
3261 3262 A
3262 3263 C
3263 3264 T
3264 3265 A
3265 3266 A
3266 3267 A
3267 3268 A
3268 3269 A
3269 3270 G
3270 3271 T
3271 3272 G
3272 3273 G
3273 3274 T
3274 3275 A
3275 3276 T
3276 3277 T
3277 3278 A
3278 3279 A
3279 3280 T
3280 3281 G
3281 3282 G
3282 3283 T
3283 3284 C
3284 3285 A
3285 3286 G
3286 3287 T
3287 3288 A
3288 3289 G
3289 3290 A
3290 3291 G
3291 3292 G
3292 3293 G
3293 3294 T
3294 3295 T
3295 3296 A
3296 3297 A
3297 3298 G
3298 3299 C
3299 3300 G
3300 3301 G
3301 3302 A
3302 3303 G
3303 3304 T
3304 3305 T
3305 3306 G
3306 3307 G
3307 3308 G
3308 3309 T
3309 3310 A
3310 3311 A
3311 3312 C
3312 3313 C
3313 3314 T
3314 3315 A
3315 3316 T
3316 3317 G
3317 3318 G
3318 3319 A
3319 3320 A
3320 3321 G
3321 3322 A
3322 3323 C
3323 3324 G
3324 3325 A
3325 3326 T
3326 3327 C
3327 3328 T
3328 3329 A
3329 3330 T
3330 3331 C
3331 3332 C
3332 3333 G
3333 3334 G
3334 3335 A
3335 3336 G
3336 3337 G
3337 3338 G
3338 3339 C
3339 3340 G
3340 3341 A
3341 3342 A
3258 5345 T
5345 5346 G
5346 5347 T
5347 5348 G
5348 5349 A
5349 5350 C
5350 5351 T
5351 5352 A
5352 5353 T
5353 5354 G
5354 5355 C
5355 5356 T
5356 5357 A
5357 5358 T
5358 5359 A
5359 5360 A
5360 5361 T
5361 5362 C
5362 5363 C
5363 5364 G
5364 5365 G
5365 5366 A
5366 5367 C
5367 5368 A
5368 5369 A
5369 5370 G
5370 5371 A
5371 5372 A
5372 5373 T
5373 5374 G
5374 5375 G
5375 5376 G
5376 5377 C
5377 5378 T
5378 5379 T
5379 5380 T
5380 5381 T
5381 5382 A
5382 5383 A
5383 5384 G
5384 5385 C
5385 5386 G
5386 5387 C
5387 5388 C
5388 5389 C
5389 5390 T
5390 5391 A
5391 5392 G
5392 5393 T
5393 5394 A
5394 5395 G
5395 5396 T
5396 5397 C
5397 5398 G
5398 5399 T
5399 5400 G
5400 5401 G
5401 5402 C
5402 5403 T
5403 5404 C
5404 5405 G
5405 5406 G
5406 5407 A
5407 5408 A
5408 5409 G
5409 5410 C
5410 5411 C
5411 5412 A
5412 5413 G
5413 5414 T
5414 5415 A
5415 5416 T
5416 5417 A
5417 5418 G
5418 5419 A
5419 5420 A
5420 5421 C
5421 5422 T
5422 5423 T
5423 5424 T
5424 5425 C
5425 5426 T
5426 5427 T
5427 5428 C
5428 5429 C
5429 5430 G
5430 5431 T
5431 5432 T
5432 5433 T
5433 5434 C
5434 5435 G
5435 5436 G
5436 5437 T
5437 5438 G
5438 5439 C
5439 5440 A
3257 4985 T
4985 4986 G
4986 4987 T
4987 4988 G
4988 4989 C
4989 4990 C
4990 4991 C
4991 4992 A
4992 4993 A
4993 4994 A
4994 4995 T
4995 4996 T
4996 4997 C
4997 4998 G
4998 4999 G
4999 5000 C
5000 5001 T
5001 5002 A
5002 5003 G
5003 5004 G
5004 5005 C
5005 5006 C
5006 5007 A
5007 5008 G
5008 5009 A
5009 5010 G
5010 5011 G
5011 5012 G
5012 5013 G
5013 5014 T
5014 5015 T
5015 5016 G
5016 5017 A
5017 5018 A
5018 5019 C
5019 5020 C
5020 5021 T
5021 5022 C
5022 5023 G
5023 5024 C
5024 5025 A
5025 5026 G
5026 5027 T
5027 5028 C
5028 5029 T
5029 5030 C
5030 5031 A
5031 5032 T
5032 5033 T
5033 5034 C
5034 5035 A
5035 5036 G
5036 5037 C
5037 5038 G
5038 5039 A
5039 5040 T
5040 5041 C
5041 5042 C
5042 5043 G
5043 5044 C
5044 5045 T
5045 5046 C
5046 5047 T
5047 5048 G
5048 5049 C
5049 5050 G
5050 5051 C
5051 5052 C
5052 5053 T
5053 5054 A
5054 5055 T
5055 5056 C
5056 5057 T
5057 5058 T
5058 5059 A
5059 5060 G
5060 5061 T
5061 5062 C
5062 5063 G
5063 5064 T
5064 5065 A
5065 5066 C
5066 5067 T
5067 5068 A
5068 5069 T
5069 5070 T
5070 5071 G
5071 5072 C
5072 5073 C
5073 5074 T
5074 5075 A
5075 5076 T
5076 5077 G
5077 5078 C
5078 5079 G
278 279 T
279 7717 C
7717 7718 A
7718 7719 A
7719 7720 A
7720 7721 A
7721 7722 A
7722 7723 G
7723 7724 C
7724 7725 G
7725 7726 G
7726 7727 G
7727 7728 T
7728 7729 G
7729 7730 G
7730 7731 C
7731 7732 A
7732 7733 G
7733 7734 C
7734 7735 T
7735 7736 A
7736 7737 A
7737 7738 G
7738 7739 A
7739 7740 C
7740 7741 C
7741 7742 C
7742 7743 G
7743 7744 T
7744 7745 A
7745 7746 T
7746 7747 A
7747 7748 C
7748 7749 T
7749 7750 T
7750 7751 C
7751 7752 A
7752 7753 A
7753 7754 G
7754 7755 G
7755 7756 G
7756 7757 G
7757 7758 A
7758 7759 T
7759 7760 A
7760 7761 A
7761 7762 G
7762 7763 G
7763 7764 C
7764 7765 C
7765 7766 A
7766 7767 T
7767 7768 A
7768 7769 C
7769 7770 A
7770 7771 T
7771 7772 C
7772 7773 G
7773 7774 C
7774 7775 T
7775 7776 C
7776 7777 G
7777 7778 C
7778 7779 A
7779 7780 A
7780 7781 C
7781 7782 T
7782 7783 G
7783 7784 C
7784 7785 C
7785 7786 T
7786 7787 G
7787 7788 C
7788 7789 C
7789 7790 A
7790 7791 A
7791 7792 C
7792 7793 C
7793 7794 A
7794 7795 A
7795 7796 A
7796 7797 A
7797 7798 C
7798 7799 T
7799 7800 G
7800 7801 A
7801 7802 G
7802 7803 G
7803 7804 G
7804 7805 A
7805 7806 T
7806 7807 A
7807 7808 G
7808 7809 A
7809 7810 C
279 4572 G
4572 4573 G
4573 4574 C
4574 4575 G
4575 4576 C
4576 4577 G
4577 4578 T
4578 4579 T
4579 4580 G
4580 4581 C
4581 4582 T
4582 4583 T
4583 4584 A
4584 4585 T
4585 4586 C
4586 4587 G
4587 4588 C
4588 4589 G
4589 4590 C
4590 4591 T
4591 4592 C
4592 4593 C
4593 4594 G
4594 4595 C
4595 4596 G
4596 4597 A
4597 4598 C
4598 4599 G
4599 4600 C
4600 4601 T
4601 4602 A
4602 4603 T
4603 4604 C
4604 4605 C
4605 4606 T
4606 4607 T
4607 4608 T
4608 4609 G
4609 4610 T
4610 4611 C
4611 4612 C
4612 4613 A
4613 4614 A
4614 4615 G
4615 4616 A
4616 4617 T
4617 4618 T
4618 4619 G
4619 4620 G
4620 4621 A
4621 4622 C
4622 4623 T
4623 4624 C
4624 4625 C
4625 4626 G
4626 4627 C
4627 4628 G
4628 4629 G
4629 4630 A
4630 4631 G
4631 4632 T
4632 4633 T
4633 4634 T
4634 4635 T
4635 4636 T
4636 4637 A
4637 4638 T
4638 4639 G
4639 4640 C
4640 4641 C
4641 4642 T
4642 4643 A
4643 4644 T
4644 4645 C
4645 4646 T
4646 4647 C
4647 4648 A
4648 4649 A
4649 4650 A
4573 5860 G
5860 5861 T
5861 5862 C
5862 5863 G
5863 5864 G
5864 5865 T
5865 5866 C
5866 5867 T
5867 5868 A
5868 5869 T
5869 5870 G
5870 5871 G
5871 5872 A
5872 5873 G
5873 5874 T
5874 5875 G
5875 5876 A
5876 5877 A
5877 5878 G
5878 5879 G
5879 5880 G
5880 5881 C
5881 5882 C
5882 5883 G
5883 5884 C
5884 5885 A
5885 5886 G
5886 5887 A
5887 5888 G
5888 5889 T
5889 5890 A
5890 5891 A
5891 5892 A
5892 5893 C
5893 5894 G
5894 5895 G
5895 5896 G
5896 5897 G
5897 5898 C
5898 5899 T
5899 5900 G
5900 5901 A
5901 5902 G
5902 5903 A
5903 5904 A
5904 5905 T
5905 5906 A
5906 5907 C
5907 5908 C
5908 5909 C
5909 5910 G
5910 5911 G
5911 5912 G
5912 5913 T
5913 5914 T
5914 5915 C
5915 5916 C
5916 5917 A
5917 5918 A
5918 5919 T
5919 5920 A
5920 5921 A
5921 5922 A
5922 5923 A
5923 5924 C
5924 5925 C
5925 5926 T
5926 5927 A
5927 5928 C
5928 5929 C
5929 5930 T
5930 5931 G
5931 5932 G
5932 5933 T
5933 5934 C
5934 5935 A
5935 5936 A
5936 5937 T
5937 5938 C
5938 5939 G
5939 5940 C
5940 5941 C
5941 5942 C
5942 5943 T
5943 5944 T
5944 5945 A
5945 5946 C
5946 5947 A
5947 5948 G
279 280 A
280 1300 A
1300 1301 A
1301 1302 A
1302 1303 C
1303 1304 A
1304 1305 A
1305 1306 G
1306 1307 G
1307 1308 C
1308 1309 T
1309 1310 C
1310 1311 G
1311 1312 C
1312 1313 A
1313 1314 T
1314 1315 A
1315 1316 G
1316 1317 G
1317 1318 G
1318 1319 A
1319 1320 G
1320 1321 C
1321 1322 C
1322 1323 G
1323 1324 C
1324 1325 G
1325 1326 T
1326 1327 T
1327 1328 C
1328 1329 G
1329 1330 A
1330 1331 A
1331 1332 G
1332 1333 C
1333 1334 T
1334 1335 A
1335 1336 C
1336 1337 T
1337 1338 G
1338 1339 C
1339 1340 A
1340 1341 T
1341 1342 A
1342 1343 G
1343 1344 G
1344 1345 T
1345 1346 G
1346 1347 A
1347 1348 C
1348 1349 A
1349 1350 A
1350 1351 A
1351 1352 G
1352 1353 T
1353 1354 G
1354 1355 C
1355 1356 C
1356 1357 C
1357 1358 A
1358 1359 T
1359 1360 T
1360 1361 G
1361 1362 C
1362 1363 C
1363 1364 T
1364 1365 T
1365 1366 T
1366 1367 C
1367 1368 A
1368 1369 T
1369 1370 C
1370 1371 C
1371 1372 G
1372 1373 T
1373 1374 T
1374 1375 T
1375 1376 T
1376 1377 C
1377 1378 T
280 281 T
281 282 T
282 283 G
283 284 G
284 285 C
285 286 G
286 287 T
287 288 G
288 289 G
289 290 G
290 291 G
291 292 G
292 293 A
293 294 C
294 295 C
295 296 A
296 297 T
297 298 C
298 299 A
299 300 G
300 301 T
301 302 C
302 303 C
303 304 A
304 305 C
305 306 A
306 307 C
307 308 T
308 309 C
309 310 T
310 311 A
311 312 G
312 313 A
313 314 T
314 315 G
315 316 T
316 317 G
317 318 C
318 319 G
319 320 G
320 321 T
321 322 G
322 323 C
323 324 G
324 325 C
325 326 T
326 327 C
327 328 G
328 329 C
329 330 C
330 331 A
331 332 T
332 333 T
333 334 C
334 335 A
335 336 G
336 337 T
337 338 G
338 339 A
339 340 A
340 341 C
341 342 C
342 343 C
343 344 T
344 345 A
345 346 A
346 347 C
347 348 A
348 349 T
349 350 T
350 351 G
351 352 G
352 353 G
353 354 T
354 355 C
355 356 T
356 357 G
279 7894 T
7894 7895 A
7895 7896 C
7896 7897 C
7897 7898 G
7898 7899 T
7899 7900 C
7900 7901 G
7901 7902 A
7902 7903 A
7903 7904 G
7904 7905 C
7905 7906 T
7906 7907 A
7907 7908 T
7908 7909 C
7909 7910 C
7910 7911 T
7911 7912 A
7912 7913 A
7913 7914 G
7914 7915 T
7915 7916 A
7916 7917 G
7917 7918 G
7918 7919 C
7919 7920 C
7920 7921 C
7921 7922 C
7922 7923 G
7923 7924 C
7924 7925 T
7925 7926 T
7926 7927 G
7927 7928 T
7928 7929 A
7929 7930 G
7930 7931 T
7931 7932 C
7932 7933 A
7933 7934 T
7934 7935 G
7935 7936 C
7936 7937 G
7937 7938 C
7938 7939 T
7939 7940 A
7940 7941 G
7941 7942 T
7942 7943 C
7943 7944 A
7944 7945 A
7945 7946 C
7946 7947 G
7947 7948 C
7948 7949 A
7949 7950 C
7950 7951 T
7951 7952 T
7952 7953 C
7953 7954 A
7954 7955 G
7955 7956 T
7956 7957 C
7957 7958 G
7958 7959 A
7959 7960 C
7960 7961 T
7961 7962 G
7962 7963 A
7963 7964 T
7964 7965 C
7965 7966 A
7966 7967 G
7967 7968 A
7968 7969 T
7969 7970 T
7970 7971 C
7971 7972 G
7972 7973 C
7973 7974 G
7974 7975 A
7975 7976 T
7976 7977 T
7977 7978 G
277 553 T
553 647 C
647 648 A
648 649 A
649 650 T
650 651 C
651 652 A
652 653 G
653 654 C
654 655 G
655 656 C
656 657 G
657 658 G
658 659 C
659 660 T
660 661 T
661 662 A
662 663 C
663 664 C
664 665 C
665 666 G
666 667 G
667 668 C
668 669 A
669 670 G
670 671 G
671 672 G
672 673 C
673 674 T
674 675 C
675 676 C
676 677 G
677 678 G
678 679 T
679 680 A
680 681 A
681 682 T
682 683 G
683 684 C
684 685 T
685 686 T
686 687 G
687 688 G
688 689 T
689 690 G
690 691 A
691 692 G
692 693 T
693 694 C
694 695 A
695 696 G
696 697 G
697 698 A
698 699 A
699 700 G
700 701 A
701 702 A
702 703 T
703 704 T
704 705 A
705 706 T
706 707 A
707 708 C
708 709 C
709 710 T
710 711 G
711 712 G
712 713 C
713 714 A
714 715 T
715 716 A
716 717 C
717 718 C
718 719 C
719 720 A
720 721 G
721 722 T
722 723 T
723 724 T
724 725 G
725 726 C
726 727 A
727 728 G
728 729 A
729 730 A
730 731 T
731 732 A
732 733 G
733 734 A
734 735 A
553 927 A
927 928 G
928 2113 C
2113 2114 T
2114 2115 A
2115 2116 T
2116 2117 A
2117 2118 A
2118 2119 G
2119 2120 G
2120 2121 A
2121 2122 C
2122 2123 C
2123 2124 C
2124 2125 G
2125 2126 A
2126 2127 A
2127 2128 T
2128 2129 G
2129 2130 C
2130 2131 C
2131 2132 T
2132 2133 C
2133 2134 A
2134 2135 A
2135 2136 T
2136 2137 T
2137 2138 A
2138 2139 A
2139 2140 G
2140 2141 C
2141 2142 G
2142 2143 G
2143 2144 G
2144 2145 G
2145 2146 T
2146 2147 T
2147 2148 C
2148 2149 C
2149 2150 C
2150 2151 A
2151 2152 A
2152 2153 T
2153 2154 A
2154 2155 C
2155 2156 C
2156 2157 C
2157 2158 A
2158 2159 A
2159 2160 G
2160 2161 G
2161 2162 G
2162 2163 C
2163 2164 G
2164 2165 G
2165 2166 T
2166 2167 T
2167 2168 G
2168 2169 A
2169 2170 A
2170 2171 T
2171 2172 A
2172 2173 A
2173 2174 C
2174 2175 C
2175 2176 C
2176 2177 T
2177 2178 A
2178 2179 T
2179 2180 G
2180 2181 T
2181 2182 C
2182 2183 G
2183 2184 A
2184 2185 C
2185 2186 A
2186 2187 T
2187 2188 G
2188 2189 A
2189 2190 A
2190 2191 C
2191 2192 A
2192 2193 G
2193 2194 G
2194 2195 T
2195 2196 A
2196 2197 G
2197 2198 T
2198 2199 A
2199 2200 T
2200 2201 T
928 929 G
929 930 T
930 931 C
931 932 T
932 933 T
933 934 A
934 935 G
935 936 T
936 937 T
937 938 G
938 939 C
939 940 A
940 941 T
941 942 C
942 943 A
943 944 C
944 945 A
945 946 C
946 947 T
947 948 T
948 949 T
949 950 C
950 951 C
951 952 T
952 953 A
953 954 A
954 955 T
955 956 T
956 957 G
957 958 A
958 959 T
959 960 C
960 961 T
961 962 G
962 963 A
963 964 T
964 965 C
965 966 A
966 967 A
967 968 T
968 969 T
969 970 T
970 971 T
971 972 A
972 973 A
973 974 A
974 975 C
975 976 A
976 977 A
977 978 T
978 979 G
979 980 A
980 981 G
981 982 A
982 983 A
983 984 G
984 985 A
985 986 C
986 987 A
987 988 T
988 989 G
989 990 C
990 991 T
991 992 A
992 993 C
993 994 G
994 995 A
995 996 G
996 997 T
997 998 T
998 999 A
999 1000 A
1000 1001 T
1001 1002 T
1002 1003 G
1003 1004 A
1004 1005 T
1005 1006 T
1006 1007 C
1007 1008 G
1008 1009 G
1009 1010 A
1010 1011 A
1011 1012 C
1012 1013 A
1013 1014 T
1014 1015 C
1015 1016 T
1016 1017 A
1017 1018 T
1018 1019 T
1019 1020 C
1020 1021 A
1021 1022 T
927 3343 A
3343 4737 C
4737 4738 G
4738 4739 G
4739 4740 G
4740 4741 G
4741 4742 G
4742 4743 A
4743 4744 G
4744 4745 A
4745 4746 T
4746 4747 C
4747 4748 T
4748 4749 G
4749 4750 C
4750 4751 G
4751 4752 T
4752 4753 C
4753 4754 C
4754 4755 G
4755 4756 G
4756 4757 T
4757 4758 A
4758 4759 T
4759 4760 T
4760 4761 T
4761 4762 T
4762 4763 C
4763 4764 G
4764 4765 T
4765 4766 A
4766 4767 A
4767 4768 T
4768 4769 T
4769 4770 T
4770 4771 T
4771 4772 G
4772 4773 T
4773 4774 C
4774 4775 T
4775 4776 G
4776 4777 G
4777 4778 C
4778 4779 G
4779 4780 A
4780 4781 A
4781 4782 A
4782 4783 T
4783 4784 C
4784 4785 G
4785 4786 G
4786 4787 A
4787 4788 T
4788 4789 A
4789 4790 G
4790 4791 G
4791 4792 T
4792 4793 G
4793 4794 C
4794 4795 T
4795 4796 T
4796 4797 A
4797 4798 T
4798 4799 G
4799 4800 A
4800 4801 C
4801 4802 C
4802 4803 T
4803 4804 T
4804 4805 G
4805 4806 C
4806 4807 A
4807 4808 T
4808 4809 A
4809 4810 G
4810 4811 A
4811 4812 T
4812 4813 C
4813 4814 C
4814 4815 C
4815 4816 G
4816 4817 C
4817 4818 G
4818 4819 T
4819 4820 G
4820 4821 G
4821 4822 G
4822 4823 T
3343 3344 T
3344 3345 T
3345 3346 T
3346 3347 T
3347 3348 C
3348 3349 C
3349 3350 G
3350 3351 G
3351 3352 T
3352 3353 T
3353 3354 T
3354 3355 C
3355 3356 C
3356 3357 G
3357 3358 G
3358 3359 C
3359 3360 A
3360 3361 A
3361 3362 T
3362 3363 T
3363 3364 C
3364 3365 A
3365 3366 G
3366 3367 C
3367 3368 G
3368 3369 A
3369 3370 G
3370 3371 T
3371 3372 T
3372 3373 C
3373 3374 C
3374 3375 G
3375 3376 G
3376 3377 G
3377 3378 C
3378 3379 A
3379 3380 C
3380 3381 A
3381 3382 T
3382 3383 A
3383 3384 G
3384 3385 T
3385 3386 A
3386 3387 T
3387 3388 C
3388 3389 C
3389 3390 T
3390 3391 T
3391 3392 T
3392 3393 C
3393 3394 T
3394 3395 G
3395 3396 T
3396 3397 C
3397 3398 T
3398 3399 G
3399 3400 A
3400 3401 A
3401 3402 A
3402 3403 T
3403 3404 A
3404 3405 T
3405 3406 A
3406 3407 G
3407 3408 C
3408 3409 T
3409 3410 C
3410 3411 A
3411 3412 C
3412 3413 A
3413 3414 A
3414 3415 C
3415 3416 T
3416 3417 A
3417 3418 G
3418 3419 T
3419 3420 A
3420 3421 T
3421 3422 A
3422 3423 C
3423 3424 G
3424 3425 C
3425 3426 A
3426 3427 A
3427 3428 A
3428 3429 T
3429 3430 C
3430 3431 A
927 1658 T
1658 1659 C
1659 1660 G
1660 1661 A
1661 1662 G
1662 1663 A
1663 1664 T
1664 1665 G
1665 1666 G
1666 1667 A
1667 1668 T
1668 1669 C
1669 1670 C
1670 1671 G
1671 1672 G
1672 1673 G
1673 1674 A
1674 1675 G
1675 1676 A
1676 1677 G
1677 1678 A
1678 1679 C
1679 1680 C
1680 1681 A
1681 1682 G
1682 1683 G
1683 1684 A
1684 1685 A
1685 1686 G
1686 1687 C
1687 1688 G
1688 1689 G
1689 1690 T
1690 1691 T
1691 1692 G
1692 1693 C
1693 1694 C
1694 1695 A
1695 1696 G
1696 1697 A
1697 1698 C
1698 1699 A
1699 1700 A
1700 1701 T
1701 1702 T
1702 1703 A
1703 1704 A
1704 1705 G
1705 1706 T
1706 1707 G
1707 1708 G
1708 1709 A
1709 1710 G
1710 1711 C
1711 1712 G
1712 1713 C
1713 1714 T
1714 1715 T
1715 1716 C
1716 1717 G
1717 1718 A
1718 1719 G
1719 1720 C
1720 1721 C
1721 1722 A
1722 1723 A
1723 1724 T
1724 1725 A
1725 1726 T
1726 1727 T
1727 1728 C
1728 1729 C
1729 1730 G
1730 1731 C
1731 1732 A
1732 1733 A
1733 1734 C
1734 1735 T
1735 1736 A
1736 1737 G
1737 1738 G
553 554 T
554 555 G
555 556 C
556 557 T
557 558 C
558 559 T
559 560 T
560 561 A
561 562 A
562 563 C
563 564 C
564 565 C
565 566 G
566 567 G
567 568 C
568 569 A
569 570 T
570 571 A
571 572 T
572 573 A
573 574 T
574 575 A
575 576 T
576 577 T
577 578 C
578 579 A
579 580 G
580 581 C
581 582 C
582 583 A
583 584 T
584 585 G
585 586 G
586 587 A
587 588 C
588 589 T
589 590 A
590 591 T
591 592 T
592 593 G
593 594 G
594 595 C
595 596 G
596 597 T
597 598 A
598 599 C
599 600 T
600 601 T
601 602 C
602 603 T
603 604 G
604 605 G
605 606 G
606 607 G
607 608 A
608 609 T
609 610 G
610 611 T
611 612 T
612 613 G
613 614 T
614 615 G
615 616 A
616 617 C
617 618 C
618 619 G
619 620 A
620 621 G
621 622 C
622 623 G
623 624 G
624 625 C
625 626 T
626 627 C
627 628 T
628 629 T
629 630 A
630 631 G
631 632 G
632 633 A
633 634 C
634 635 G
635 636 G
636 637 A
637 638 G
638 639 T
639 640 T
640 641 C
641 642 A
642 643 C
643 644 A
644 645 C
645 646 G
1 193 A
193 194 C
194 195 C
195 7811 C
7811 7812 A
7812 7813 T
7813 7814 G
7814 7815 C
7815 7816 A
7816 7817 C
7817 7818 C
7818 7819 C
7819 7820 T
7820 7821 A
7821 7822 G
7822 7823 T
7823 7824 A
7824 7825 C
7825 7826 C
7826 7827 G
7827 7828 T
7828 7829 A
7829 7830 C
7830 7831 T
7831 7832 A
7832 7833 A
7833 7834 T
7834 7835 T
7835 7836 T
7836 7837 A
7837 7838 A
7838 7839 T
7839 7840 A
7840 7841 A
7841 7842 G
7842 7843 G
7843 7844 C
7844 7845 G
7845 7846 A
7846 7847 A
7847 7848 A
7848 7849 T
7849 7850 T
7850 7851 A
7851 7852 A
7852 7853 C
7853 7854 A
7854 7855 T
7855 7856 T
7856 7857 T
7857 7858 C
7858 7859 T
7859 7860 A
7860 7861 C
7861 7862 T
7862 7863 G
7863 7864 T
7864 7865 A
7865 7866 C
7866 7867 C
7867 7868 T
7868 7869 G
7869 7870 T
7870 7871 T
7871 7872 T
7872 7873 G
7873 7874 G
7874 7875 C
7875 7876 C
7876 7877 C
7877 7878 C
7878 7879 G
7879 7880 A
7880 7881 G
7881 7882 A
7882 7883 A
7883 7884 T
7884 7885 C
7885 7886 C
7886 7887 C
7887 7888 T
7888 7889 A
7889 7890 C
7890 7891 A
7891 7892 G
7892 7893 G
195 196 A
196 197 G
197 198 T
198 199 C
199 200 A
200 201 T
201 202 T
202 203 A
203 204 G
204 205 T
205 206 G
206 207 A
207 208 G
208 209 G
209 210 A
210 211 T
211 212 T
212 213 C
213 214 A
214 215 G
215 216 T
216 217 A
217 218 A
218 219 C
219 220 A
220 221 G
221 222 G
222 223 T
223 224 G
224 225 T
225 226 G
226 227 C
227 228 A
228 229 T
229 230 T
230 231 A
231 232 C
232 233 A
233 234 T
234 235 T
235 236 C
236 237 T
237 238 T
238 239 G
239 240 T
240 241 C
241 242 C
242 243 G
243 244 A
244 245 A
245 246 A
246 247 A
247 248 A
248 249 G
249 250 A
250 251 C
251 252 C
252 253 G
253 254 C
254 255 A
255 256 T
256 257 G
257 258 T
258 259 C
259 260 C
260 261 G
261 262 G
262 263 A
263 264 T
264 265 G
265 266 G
266 267 C
267 268 T
268 269 T
269 270 A
270 271 A
271 272 T
272 273 C
273 274 A
274 275 G
275 276 G
194 3876 G
3876 3877 C
3877 7368 C
7368 7369 A
7369 7370 T
7370 7371 C
7371 7372 A
7372 7373 C
7373 7374 A
7374 7375 G
7375 7376 G
7376 7377 G
7377 7378 A
7378 7379 A
7379 7380 C
7380 7381 A
7381 7382 G
7382 7383 A
7383 7384 A
7384 7385 A
7385 7386 A
7386 7387 T
7387 7388 C
7388 7389 C
7389 7390 C
7390 7391 C
7391 7392 G
7392 7393 C
7393 7394 G
7394 7395 G
7395 7396 A
7396 7397 G
7397 7398 G
7398 7399 C
7399 7400 C
7400 7401 G
7401 7402 A
7402 7403 G
7403 7404 C
7404 7405 C
7405 7406 A
7406 7407 C
7407 7408 C
7408 7409 C
7409 7410 C
7410 7411 C
7411 7412 C
7412 7413 C
7413 7414 T
7414 7415 T
7415 7416 C
7416 7417 C
7417 7418 G
7418 7419 G
7419 7420 T
7420 7421 G
7421 7422 T
7422 7423 A
7423 7424 G
7424 7425 C
7425 7426 G
7426 7427 A
7427 7428 G
7428 7429 T
7429 7430 G
7430 7431 G
7431 7432 A
7432 7433 G
7433 7434 C
7434 7435 C
7435 7436 C
7436 7437 T
7437 7438 C
7438 7439 T
7439 7440 G
7440 7441 A
7441 7442 A
7442 7443 C
7443 7444 C
7444 7445 G
7445 7446 T
7446 7447 C
7447 7448 C
7448 7449 T
7449 7450 A
7450 7451 A
7451 7452 A
7452 7453 G
7453 7454 T
7454 7455 C
7455 7456 C
7456 7457 A
7457 7458 A
7458 7459 G
7459 7460 A
7460 7461 G
3877 3878 A
3878 3879 C
3879 3880 G
3880 3881 C
3881 3882 C
3882 3883 A
3883 3884 G
3884 3885 A
3885 3886 A
3886 3887 A
3887 3888 A
3888 3889 C
3889 3890 G
3890 3891 G
3891 3892 G
3892 3893 C
3893 3894 A
3894 3895 A
3895 3896 T
3896 3897 G
3897 3898 A
3898 3899 T
3899 3900 G
3900 3901 G
3901 3902 A
3902 3903 A
3903 3904 G
3904 3905 T
3905 3906 G
3906 3907 C
3907 3908 A
3908 3909 T
3909 3910 C
3910 3911 T
3911 3912 C
3912 3913 A
3913 3914 C
3914 3915 C
3915 3916 C
3916 3917 G
3917 3918 C
3918 3919 G
3919 3920 A
3920 3921 T
3921 3922 G
3922 3923 G
3923 3924 G
3924 3925 G
3925 3926 A
3926 3927 A
3927 3928 A
3928 3929 G
3929 3930 G
3930 3931 C
3931 3932 G
3932 3933 A
3933 3934 C
3934 3935 C
3935 3936 C
3936 3937 C
3937 3938 C
3938 3939 T
3939 3940 A
3940 3941 G
3941 3942 C
3942 3943 G
3943 3944 T
3944 3945 G
3945 3946 G
3946 3947 G
3947 3948 C
3948 3949 C
3949 3950 G
3950 3951 A
3951 3952 C
3952 3953 G
3953 3954 T
3954 3955 T
3876 7027 A
7027 7028 G
7028 7029 A
7029 7030 A
7030 7031 C
7031 7032 A
7032 7033 C
7033 7034 C
7034 7035 A
7035 7036 A
7036 7037 C
7037 7038 T
7038 7039 T
7039 7040 G
7040 7041 C
7041 7042 T
7042 7043 A
7043 7044 C
7044 7045 G
7045 7046 C
7046 7047 G
7047 7048 C
7048 7049 C
7049 7050 A
7050 7051 T
7051 7052 G
7052 7053 G
7053 7054 A
7054 7055 C
7055 7056 A
7056 7057 C
7057 7058 A
7058 7059 T
7059 7060 A
7060 7061 C
7061 7062 T
7062 7063 C
7063 7064 A
7064 7065 T
7065 7066 T
7066 7067 C
7067 7068 T
7068 7069 G
7069 7070 C
7070 7071 T
7071 7072 G
7072 7073 G
7073 7074 A
7074 7075 G
7075 7076 T
7076 7077 G
7077 7078 T
7078 7079 C
7079 7080 A
7080 7081 C
7081 7082 A
7082 7083 G
7083 7084 G
7084 7085 C
7085 7086 A
7086 7087 C
7087 7088 G
7088 7089 A
7089 7090 G
7090 7091 A
7091 7092 C
7092 7093 T
7093 7094 G
7094 7095 C
7095 7096 A
7096 7097 T
7097 7098 T
7098 7099 G
7099 7100 T
7100 7101 A
7101 7102 T
7102 7103 G
7103 7104 C
7104 7105 T
7105 7106 T
7106 7107 C
7107 7108 T
194 3704 T
3704 3705 A
3705 3706 C
3706 3707 C
3707 3708 G
3708 3709 C
3709 3710 C
3710 3711 C
3711 3712 T
3712 3713 C
3713 3714 C
3714 3715 A
3715 3716 T
3716 3717 G
3717 3718 C
3718 3719 A
3719 3720 T
3720 3721 A
3721 3722 T
3722 3723 A
3723 3724 A
3724 3725 T
3725 3726 G
3726 3727 A
3727 3728 C
3728 3729 T
3729 3730 C
3730 3731 T
3731 3732 G
3732 3733 C
3733 3734 A
3734 3735 A
3735 3736 G
3736 3737 A
3737 3738 G
3738 3739 C
3739 3740 G
3740 3741 A
3741 3742 T
3742 3743 C
3743 3744 T
3744 3745 C
3745 3746 G
3746 3747 G
3747 3748 T
3748 3749 T
3749 3750 G
3750 3751 A
3751 3752 T
3752 3753 A
3753 3754 C
3754 3755 A
3755 3756 A
3756 3757 A
3757 3758 G
3758 3759 T
3759 3760 G
3760 3761 G
3761 3762 T
3762 3763 T
3763 3764 T
3764 3765 A
3765 3766 G
3766 3767 T
3767 3768 T
3768 3769 G
3769 3770 C
3770 3771 C
3771 3772 T
3772 3773 A
3773 3774 G
3774 3775 G
3775 3776 T
3776 3777 C
3777 3778 G
3778 3779 G
3779 3780 T
3780 3781 A
3781 3782 A
3782 3783 A
3783 3784 C
3784 3785 C
3785 3786 C
193 832 G
832 4651 C
4651 4652 C
4652 4653 C
4653 4654 G
4654 4655 T
4655 4656 T
4656 4657 G
4657 4658 G
4658 4659 A
4659 4660 C
4660 4661 T
4661 4662 G
4662 4663 T
4663 4664 G
4664 4665 G
4665 4666 T
4666 4667 T
4667 4668 A
4668 4669 C
4669 4670 G
4670 4671 A
4671 4672 G
4672 4673 T
4673 4674 G
4674 4675 A
4675 4676 T
4676 4677 T
4677 4678 C
4678 4679 A
4679 4680 G
4680 4681 G
4681 4682 T
4682 4683 G
4683 4684 G
4684 4685 G
4685 4686 A
4686 4687 C
4687 4688 C
4688 4689 G
4689 4690 C
4690 4691 A
4691 4692 T
4692 4693 C
4693 4694 T
4694 4695 A
4695 4696 T
4696 4697 G
4697 4698 G
4698 4699 T
4699 4700 A
4700 4701 G
4701 4702 G
4702 4703 T
4703 4704 T
4704 4705 T
4705 4706 T
4706 4707 C
4707 4708 C
4708 4709 A
4709 4710 C
4710 4711 T
4711 4712 G
4712 4713 A
4713 4714 G
4714 4715 A
4715 4716 T
4716 4717 G
4717 4718 C
4718 4719 A
4719 4720 A
4720 4721 T
4721 4722 T
4722 4723 A
4723 4724 T
4724 4725 G
4725 4726 C
4726 4727 A
4727 4728 C
4728 4729 C
4729 4730 T
4730 4731 G
4731 4732 G
4732 4733 C
4733 4734 T
4734 4735 A
4735 4736 G
4652 4824 T
4824 4825 T
4825 4826 G
4826 4827 C
4827 4828 T
4828 4829 A
4829 4830 A
4830 4831 T
4831 4832 A
4832 4833 A
4833 4834 G
4834 4835 C
4835 4836 C
4836 4837 T
4837 4838 A
4838 4839 G
4839 4840 A
4840 4841 G
4841 4842 T
4842 4843 A
4843 4844 C
4844 4845 T
4845 4846 C
4846 4847 C
4847 4848 C
4848 4849 T
4849 4850 C
4850 4851 G
4851 4852 A
4852 4853 A
4853 4854 G
4854 4855 C
4855 4856 T
4856 4857 G
4857 4858 G
4858 4859 G
4859 4860 T
4860 4861 G
4861 4862 T
4862 4863 C
4863 4864 T
4864 4865 C
4865 4866 T
4866 4867 A
4867 4868 C
4868 4869 G
4869 4870 G
4870 4871 C
4871 4872 T
4872 4873 T
4873 4874 G
4874 4875 A
4875 4876 G
4876 4877 A
4877 4878 T
4878 4879 G
4879 4880 T
4880 4881 T
4881 4882 T
4882 4883 T
4883 4884 C
4884 4885 A
4885 4886 A
4886 4887 A
4887 4888 T
4888 4889 G
4889 4890 C
4890 4891 G
4891 4892 C
4892 4893 C
4893 4894 T
4894 4895 C
4895 4896 G
4896 4897 C
4897 4898 G
4898 4899 C
4899 4900 G
4900 4901 G
4901 4902 A
4902 4903 A
832 833 A
833 834 G
834 835 A
835 836 C
836 837 C
837 838 C
838 839 G
839 840 C
840 841 T
841 842 C
842 843 A
843 844 C
844 845 T
845 846 T
846 847 A
847 848 A
848 849 G
849 850 C
850 851 G
851 852 T
852 853 C
853 854 T
854 855 A
855 856 T
856 857 G
857 858 T
858 859 T
859 860 T
860 861 A
861 862 A
862 863 T
863 864 C
864 865 C
865 866 A
866 867 A
867 868 A
868 869 C
869 870 T
870 871 G
871 872 C
872 873 G
873 874 C
874 875 A
875 876 G
876 877 C
877 878 A
878 879 A
879 880 T
880 881 A
881 882 A
882 883 A
883 884 T
884 885 C
885 886 G
886 887 C
887 888 A
888 889 G
889 890 G
890 891 T
891 892 G
892 893 C
893 894 T
894 895 G
895 896 T
896 897 C
897 898 T
898 899 A
899 900 A
900 901 T
901 902 C
902 903 A
903 904 A
904 905 A
905 906 G
906 907 T
907 908 C
908 909 A
909 910 A
910 911 C
911 912 G
912 913 C
913 914 T
914 915 G
915 916 C
916 917 T
917 918 A
918 919 A
919 920 T
920 921 C
921 922 A
922 923 T
923 924 A
924 925 G
925 926 T
833 5162 T
5162 5163 T
5163 5164 C
5164 5165 T
5165 5166 C
5166 5167 T
5167 5168 C
5168 5169 A
5169 5170 G
5170 5171 A
5171 5172 G
5172 5173 T
5173 5174 T
5174 5175 T
5175 5176 T
5176 5177 A
5177 5178 T
5178 5179 C
5179 5180 A
5180 5181 A
5181 5182 C
5182 5183 G
5183 5184 C
5184 5185 T
5185 5186 T
5186 5187 T
5187 5188 C
5188 5189 T
5189 5190 C
5190 5191 C
5191 5192 G
5192 5193 C
5193 5194 C
5194 5195 C
5195 5196 T
5196 5197 T
5197 5198 G
5198 5199 T
5199 5200 T
5200 5201 A
5201 5202 A
5202 5203 G
5203 5204 G
5204 5205 G
5205 5206 C
5206 5207 T
5207 5208 A
5208 5209 A
5209 5210 C
5210 5211 G
5211 5212 C
5212 5213 G
5213 5214 G
5214 5215 G
5215 5216 T
5216 5217 T
5217 5218 A
5218 5219 A
5219 5220 G
5220 5221 A
5221 5222 A
5222 5223 C
5223 5224 G
5224 5225 T
5225 5226 A
5226 5227 T
5227 5228 T
5228 5229 G
5229 5230 C
5230 5231 A
5231 5232 G
5232 5233 C
5233 5234 A
5234 5235 G
5235 5236 A
5236 5237 C
5237 5238 T
5238 5239 T
5239 5240 C
5240 5241 A
5241 5242 C
5242 5243 G
5243 5244 A
5244 5245 G
5245 5246 G
5246 5247 G
5247 5248 A
5248 5249 C
5249 5250 C
5250 5251 G
5251 5252 A
5252 5253 T
5253 5254 A
832 1924 T
1924 1925 G
1925 1926 C
1926 1927 T
1927 1928 A
1928 1929 A
1929 1930 T
1930 1931 G
1931 1932 G
1932 1933 G
1933 1934 G
1934 1935 C
1935 1936 G
1936 1937 T
1937 1938 C
1938 1939 C
1939 1940 T
1940 1941 G
1941 1942 C
1942 1943 C
1943 1944 G
1944 1945 A
1945 1946 A
1946 1947 T
1947 1948 A
1948 1949 A
1949 1950 A
1950 1951 G
1951 1952 T
1952 1953 T
1953 1954 G
1954 1955 G
1955 1956 T
1956 1957 T
1957 1958 T
1958 1959 T
1959 1960 A
1960 1961 A
1961 1962 C
1962 1963 C
1963 1964 A
1964 1965 T
1965 1966 A
1966 1967 C
1967 1968 C
1968 1969 A
1969 1970 A
1970 1971 C
1971 1972 T
1972 1973 T
1973 1974 A
1974 1975 C
1975 1976 T
1976 1977 T
1977 1978 A
1978 1979 T
1979 1980 T
1980 1981 A
1981 1982 A
1982 1983 C
1983 1984 A
1984 1985 G
1985 1986 A
1986 1987 T
1987 1988 T
1988 1989 C
1989 1990 C
1990 1991 C
1991 1992 A
1992 1993 C
1993 1994 T
1994 1995 C
1995 1996 A
1996 1997 C
1997 1998 C
1998 1999 G
1999 2000 C
2000 2001 G
2001 2002 T
2002 2003 T
2003 2004 T
2004 2005 T
2005 2006 G
2006 2007 T
2007 2008 A
2008 2009 C
2009 2010 G
2010 2011 G
2011 2012 T
2012 2013 A
2013 2014 C
2014 2015 A
2015 2016 A
2016 2017 G
2017 2018 A
2018 2019 G
193 736 A
736 6577 C
6577 6578 G
6578 6579 T
6579 6580 C
6580 6581 G
6581 6582 G
6582 6583 A
6583 6584 C
6584 6585 G
6585 6586 C
6586 6587 C
6587 6588 T
6588 6589 T
6589 6590 T
6590 6591 A
6591 6592 T
6592 6593 G
6593 6594 A
6594 6595 A
6595 6596 C
6596 6597 T
6597 6598 C
6598 6599 T
6599 6600 G
6600 6601 G
6601 6602 T
6602 6603 A
6603 6604 A
6604 6605 G
6605 6606 A
6606 6607 A
6607 6608 C
6608 6609 A
6609 6610 T
6610 6611 T
6611 6612 T
6612 6613 G
6613 6614 T
6614 6615 A
6615 6616 A
6616 6617 A
6617 6618 T
6618 6619 T
6619 6620 A
6620 6621 C
6621 6622 G
6622 6623 G
6623 6624 T
6624 6625 T
6625 6626 A
6626 6627 A
6627 6628 G
6628 6629 T
6629 6630 G
6630 6631 A
6631 6632 A
6632 6633 A
6633 6634 C
6634 6635 G
6635 6636 C
6636 6637 G
6637 6638 A
6638 6639 T
6639 6640 A
6640 6641 C
6641 6642 T
6642 6643 T
6643 6644 C
6644 6645 G
6645 6646 C
6646 6647 C
6647 6648 C
6648 6649 C
6649 6650 C
6650 6651 C
6651 6652 T
6652 6653 A
6653 6654 G
6654 6655 C
6655 6656 C
6656 6657 C
6657 6658 A
6658 6659 T
6659 6660 A
6660 6661 G
6661 6662 G
6662 6663 C
6663 6664 A
6664 6665 A
6665 6666 T
6666 6667 C
6667 6668 G
6668 6669 C
6669 6670 T
6670 6671 C
736 2290 G
2290 2291 G
2291 2292 C
2292 2293 G
2293 2294 C
2294 2295 G
2295 2296 T
2296 2297 G
2297 2298 A
2298 2299 T
2299 2300 C
2300 2301 A
2301 2302 C
2302 2303 C
2303 2304 G
2304 2305 C
2305 2306 C
2306 2307 T
2307 2308 G
2308 2309 T
2309 2310 C
2310 2311 C
2311 2312 T
2312 2313 G
2313 2314 G
2314 2315 A
2315 2316 T
2316 2317 A
2317 2318 T
2318 2319 A
2319 2320 A
2320 2321 A
2321 2322 T
2322 2323 G
2323 2324 C
2324 2325 C
2325 2326 C
2326 2327 A
2327 2328 T
2328 2329 C
2329 2330 T
2330 2331 A
2331 2332 G
2332 2333 T
2333 2334 T
2334 2335 A
2335 2336 A
2336 2337 C
2337 2338 A
2338 2339 T
2339 2340 G
2340 2341 G
2341 2342 T
2342 2343 T
2343 2344 A
2344 2345 T
2345 2346 C
2346 2347 C
2347 2348 C
2348 2349 G
2349 2350 G
2350 2351 A
2351 2352 A
2352 2353 A
2353 2354 T
2354 2355 T
2355 2356 G
2356 2357 A
2357 2358 A
2358 2359 C
2359 2360 A
2360 2361 A
2361 2362 C
2362 2363 G
2363 2364 A
2364 2365 C
2365 2366 T
2366 2367 G
2291 7555 A
7555 7556 A
7556 7557 C
7557 7558 T
7558 7559 A
7559 7560 A
7560 7561 C
7561 7562 T
7562 7563 G
7563 7564 T
7564 7565 C
7565 7566 A
7566 7567 T
7567 7568 G
7568 7569 C
7569 7570 C
7570 7571 G
7571 7572 T
7572 7573 G
7573 7574 C
7574 7575 C
7575 7576 C
7576 7577 A
7577 7578 T
7578 7579 C
7579 7580 C
7580 7581 T
7581 7582 T
7582 7583 C
7583 7584 T
7584 7585 C
7585 7586 T
7586 7587 C
7587 7588 A
7588 7589 G
7589 7590 T
7590 7591 A
7591 7592 T
7592 7593 C
7593 7594 G
7594 7595 G
7595 7596 G
7596 7597 A
7597 7598 A
7598 7599 A
7599 7600 G
7600 7601 A
7601 7602 A
7602 7603 A
7603 7604 A
7604 7605 C
7605 7606 A
7606 7607 C
7607 7608 C
7608 7609 A
7609 7610 G
7610 7611 A
7611 7612 T
7612 7613 A
7613 7614 G
7614 7615 A
7615 7616 T
7616 7617 G
7617 7618 T
7618 7619 T
7619 7620 T
7620 7621 G
7621 7622 T
7622 7623 T
7623 7624 A
7624 7625 T
7625 7626 T
7626 7627 C
7627 7628 T
7628 7629 T
7629 7630 A
7630 7631 G
7631 7632 G
7632 7633 T
7633 7634 C
7634 7635 C
7635 7636 G
7636 7637 C
7637 7638 C
2291 2815 T
2815 2816 G
2816 2817 T
2817 2818 T
2818 2819 T
2819 2820 T
2820 2821 C
2821 2822 G
2822 2823 A
2823 2824 G
2824 2825 G
2825 2826 T
2826 2827 G
2827 2828 A
2828 2829 T
2829 2830 C
2830 2831 T
2831 2832 G
2832 2833 C
2833 2834 G
2834 2835 G
2835 2836 G
2836 2837 T
2837 2838 C
2838 2839 C
2839 2840 G
2840 2841 T
2841 2842 A
2842 2843 A
2843 2844 A
2844 2845 A
2845 2846 A
2846 2847 A
2847 2848 A
2848 2849 A
2849 2850 T
2850 2851 T
2851 2852 A
2852 2853 G
2853 2854 T
2854 2855 C
2855 2856 A
2856 2857 T
2857 2858 C
2858 2859 T
2859 2860 C
2860 2861 G
2861 2862 C
2862 2863 G
2863 2864 C
2864 2865 T
2865 2866 T
2866 2867 G
2867 2868 C
2868 2869 G
2869 2870 A
2870 2871 C
2871 2872 G
2872 2873 A
2873 2874 T
2874 2875 A
2875 2876 C
2876 2877 G
2877 2878 G
2878 2879 G
2879 2880 A
2880 2881 G
2881 2882 G
2882 2883 A
2883 2884 G
2884 2885 T
2885 2886 A
2886 2887 T
2887 2888 T
2888 2889 T
2889 2890 A
2890 2891 T
2891 2892 A
2892 2893 C
2893 2894 C
2894 2895 C
2895 2896 G
2896 2897 T
2897 2898 T
2898 2899 A
2899 2900 G
2900 2901 T
2901 2902 G
2902 2903 G
2903 2904 C
2904 2905 A
2905 2906 A
2906 2907 T
2907 2908 T
2908 2909 T
736 737 A
737 738 G
738 739 T
739 740 T
740 741 C
741 742 C
742 743 C
743 744 T
744 745 G
745 746 C
746 747 A
747 748 C
748 749 T
749 750 C
750 751 A
751 752 G
752 753 A
753 754 C
754 755 C
755 756 A
756 757 T
757 758 G
758 759 C
759 760 A
760 761 G
761 762 A
762 763 G
763 764 T
764 765 C
765 766 T
766 767 T
767 768 T
768 769 T
769 770 T
770 771 C
771 772 T
772 773 A
773 774 G
774 775 A
775 776 A
776 777 G
777 778 T
778 779 G
779 780 T
780 781 A
781 782 C
782 783 C
783 784 T
784 785 A
785 786 A
786 787 A
787 788 A
788 789 G
789 790 A
790 791 G
791 792 T
792 793 T
793 794 C
794 795 C
795 796 A
796 797 C
797 798 C
798 799 T
799 800 C
800 801 T
801 802 T
802 803 C
803 804 C
804 805 A
805 806 C
806 807 A
807 808 C
808 809 G
809 810 A
810 811 C
811 812 A
812 813 C
813 814 C
814 815 G
815 816 T
816 817 A
817 818 G
818 819 C
819 820 T
820 821 C
821 822 T
822 823 G
823 824 C
824 825 A
825 826 T
826 827 C
827 828 C
828 829 A
829 830 G
830 831 G
737 2552 T
2552 2553 G
2553 2554 A
2554 2555 G
2555 2556 T
2556 2557 A
2557 2558 C
2558 2559 G
2559 2560 T
2560 2561 C
2561 2562 G
2562 2563 A
2563 2564 G
2564 2565 A
2565 2566 T
2566 2567 G
2567 2568 C
2568 2569 G
2569 2570 C
2570 2571 G
2571 2572 A
2572 2573 A
2573 2574 C
2574 2575 G
2575 2576 T
2576 2577 T
2577 2578 A
2578 2579 G
2579 2580 G
2580 2581 A
2581 2582 T
2582 2583 G
2583 2584 A
2584 2585 C
2585 2586 T
2586 2587 T
2587 2588 T
2588 2589 A
2589 2590 G
2590 2591 T
2591 2592 T
2592 2593 C
2593 2594 G
2594 2595 G
2595 2596 T
2596 2597 G
2597 2598 G
2598 2599 T
2599 2600 C
2600 2601 G
2601 2602 A
2602 2603 G
2603 2604 T
2604 2605 A
2605 2606 A
2606 2607 T
2607 2608 G
2608 2609 C
2609 2610 T
2610 2611 C
2611 2612 T
2612 2613 T
2613 2614 T
2614 2615 T
2615 2616 C
2616 2617 T
2617 2618 G
2618 2619 G
2619 2620 A
2620 2621 C
2621 2622 A
2622 2623 T
2623 2624 G
2624 2625 G
2625 2626 A
2626 2627 C
2627 2628 C
2628 2629 C
2629 2630 A
2630 2631 G
2631 2632 A
2632 2633 G
2633 2634 A
2634 2635 G
2635 2636 G
193 1023 T
1023 1024 G
1024 1025 A
1025 1026 T
1026 1027 T
1027 1028 T
1028 1029 C
1029 1030 G
1030 1031 C
1031 1032 G
1032 1033 T
1033 1034 A
1034 1035 C
1035 1036 T
1036 1037 C
1037 1038 G
1038 1039 C
1039 1040 G
1040 1041 A
1041 1042 T
1042 1043 G
1043 1044 T
1044 1045 G
1045 1046 T
1046 1047 C
1047 1048 G
1048 1049 T
1049 1050 G
1050 1051 T
1051 1052 G
1052 1053 A
1053 1054 A
1054 1055 G
1055 1056 A
1056 1057 G
1057 1058 T
1058 1059 A
1059 1060 A
1060 1061 C
1061 1062 T
1062 1063 G
1063 1064 T
1064 1065 T
1065 1066 C
1066 1067 T
1067 1068 A
1068 1069 A
1069 1070 G
1070 1071 A
1071 1072 G
1072 1073 A
1073 1074 T
1074 1075 G
1075 1076 A
1076 1077 G
1077 1078 T
1078 1079 T
1079 1080 T
1080 1081 A
1081 1082 C
1082 1083 A
1083 1084 C
1084 1085 G
1085 1086 G
1086 1087 A
1087 1088 G
1088 1089 G
1089 1090 C
1090 1091 T
1091 1092 T
1092 1093 T
1093 1094 C
1094 1095 C
1095 1096 T
1096 1097 C
1097 1098 A
1098 1099 G
1099 1100 A
1100 1101 A
1101 1102 T
1102 1103 G
1103 1104 C
1104 1105 A
1105 1106 C
1106 1107 C
1107 1108 C
1108 1109 C
1109 1110 G
1110 1111 A
1111 1112 C
1112 1113 G
1113 1114 T
1114 1115 G
1115 1116 G
1024 6945 T
6945 7979 A
7979 7980 A
7980 7981 A
7981 7982 C
7982 7983 T
7983 7984 T
7984 7985 G
7985 7986 C
7986 7987 A
7987 7988 C
7988 7989 A
7989 7990 C
7990 7991 A
7991 7992 T
7992 7993 G
7993 7994 C
7994 7995 A
7995 7996 A
7996 7997 A
7997 7998 A
7998 7999 G
7999 8000 C
8000 8001 A
8001 8002 G
8002 8003 C
8003 8004 T
8004 8005 T
8005 8006 A
8006 8007 T
8007 8008 T
8008 8009 C
8009 8010 G
8010 8011 G
8011 8012 A
8012 8013 C
8013 8014 A
8014 8015 C
8015 8016 A
8016 8017 C
8017 8018 A
8018 8019 T
8019 8020 G
8020 8021 G
8021 8022 A
8022 8023 C
8023 8024 C
8024 8025 C
8025 8026 C
8026 8027 C
8027 8028 A
8028 8029 G
8029 8030 T
8030 8031 T
8031 8032 G
8032 8033 T
8033 8034 C
8034 8035 C
8035 8036 G
8036 8037 C
8037 8038 T
8038 8039 G
8039 8040 G
8040 8041 A
8041 8042 A
8042 8043 C
8043 8044 A
8044 8045 A
8045 8046 C
8046 8047 T
8047 8048 G
8048 8049 A
8049 8050 T
8050 8051 A
8051 8052 C
8052 8053 T
8053 8054 C
8054 8055 G
8055 8056 A
8056 8057 G
8057 8058 T
8058 8059 C
8059 8060 C
8060 8061 A
8061 8062 A
8062 8063 A
8063 8064 T
8064 8065 T
8065 8066 A
8066 8067 G
8067 8068 C
8068 8069 A
8069 8070 G
8070 8071 A
8071 8072 T
6945 6946 T
6946 6947 A
6947 6948 C
6948 6949 G
6949 6950 A
6950 6951 C
6951 6952 C
6952 6953 G
6953 6954 C
6954 6955 C
6955 6956 A
6956 6957 T
6957 6958 C
6958 6959 T
6959 6960 C
6960 6961 T
6961 6962 C
6962 6963 G
6963 6964 C
6964 6965 C
6965 6966 C
6966 6967 G
6967 6968 C
6968 6969 C
6969 6970 G
6970 6971 T
6971 6972 G
6972 6973 C
6973 6974 A
6974 6975 C
6975 6976 G
6976 6977 G
6977 6978 T
6978 6979 G
6979 6980 G
6980 6981 C
6981 6982 A
6982 6983 C
6983 6984 A
6984 6985 T
6985 6986 C
6986 6987 A
6987 6988 T
6988 6989 A
6989 6990 C
6990 6991 G
6991 6992 A
6992 6993 A
6993 6994 G
6994 6995 C
6995 6996 C
6996 6997 A
6997 6998 C
6998 6999 G
6999 7000 C
7000 7001 T
7001 7002 A
7002 7003 G
7003 7004 C
7004 7005 G
7005 7006 C
7006 7007 T
7007 7008 T
7008 7009 C
7009 7010 A
7010 7011 C
7011 7012 C
7012 7013 T
7013 7014 G
7014 7015 T
7015 7016 A
7016 7017 A
7017 7018 G
7018 7019 G
7019 7020 G
7020 7021 C
7021 7022 A
7022 7023 T
7023 7024 C
7024 7025 A
7025 7026 C
1023 1837 T
1837 1838 G
1838 1839 G
1839 1840 C
1840 1841 T
1841 1842 G
1842 1843 T
1843 1844 A
1844 1845 T
1845 1846 T
1846 1847 T
1847 1848 C
1848 1849 C
1849 1850 C
1850 1851 G
1851 1852 T
1852 1853 A
1853 1854 G
1854 1855 C
1855 1856 C
1856 1857 C
1857 1858 G
1858 1859 G
1859 1860 A
1860 1861 A
1861 1862 T
1862 1863 C
1863 1864 T
1864 1865 C
1865 1866 G
1866 1867 T
1867 1868 A
1868 1869 A
1869 1870 G
1870 1871 C
1871 1872 A
1872 1873 T
1873 1874 T
1874 1875 T
1875 1876 C
1876 1877 G
1877 1878 T
1878 1879 A
1879 1880 T
1880 1881 T
1881 1882 G
1882 1883 C
1883 1884 G
1884 1885 G
1885 1886 A
1886 1887 T
1887 1888 C
1888 1889 C
1889 1890 G
1890 1891 T
1891 1892 C
1892 1893 T
1893 1894 G
1894 1895 T
1895 1896 G
1896 1897 G
1897 1898 T
1898 1899 C
1899 1900 G
1900 1901 T
1901 1902 G
1902 1903 C
1903 1904 C
1904 1905 T
1905 1906 T
1906 1907 A
1907 1908 A
1908 1909 G
1909 1910 T
1910 1911 G
1911 1912 A
1912 1913 G
1913 1914 C
1914 1915 A
1915 1916 T
1916 1917 T
1917 1918 A
1918 1919 T
1919 1920 A
1920 1921 A
1921 1922 A
1922 1923 A
1837 6851 T
6851 6852 C
6852 6853 G
6853 6854 G
6854 6855 C
6855 6856 A
6856 6857 T
6857 6858 A
6858 6859 G
6859 6860 C
6860 6861 T
6861 6862 G
6862 6863 G
6863 6864 G
6864 6865 G
6865 6866 A
6866 6867 G
6867 6868 T
6868 6869 C
6869 6870 A
6870 6871 T
6871 6872 A
6872 6873 T
6873 6874 C
6874 6875 A
6875 6876 A
6876 6877 T
6877 6878 G
6878 6879 G
6879 6880 C
6880 6881 A
6881 6882 C
6882 6883 G
6883 6884 C
6884 6885 G
6885 6886 C
6886 6887 T
6887 6888 G
6888 6889 C
6889 6890 G
6890 6891 T
6891 6892 C
6892 6893 G
6893 6894 C
6894 6895 A
6895 6896 C
6896 6897 C
6897 6898 G
6898 6899 C
6899 6900 C
6900 6901 T
6901 6902 G
6902 6903 C
6903 6904 G
6904 6905 T
6905 6906 T
6906 6907 A
6907 6908 C
6908 6909 C
6909 6910 T
6910 6911 G
6911 6912 A
6912 6913 G
6913 6914 A
6914 6915 T
6915 6916 A
6916 6917 A
6917 6918 G
6918 6919 G
6919 6920 A
6920 6921 C
6921 6922 C
6922 6923 G
6923 6924 T
6924 6925 C
6925 6926 G
6926 6927 T
6927 6928 A
6928 6929 T
6929 6930 G
6930 6931 A
6931 6932 A
6932 6933 T
6933 6934 A
6934 6935 T
6935 6936 T
6936 6937 C
6937 6938 A
6938 6939 C
6939 6940 G
6940 6941 C
6941 6942 T
6942 6943 T
6943 6944 A
1 93 T
93 94 C
94 95 C
95 96 G
96 97 T
97 98 C
98 99 G
99 100 C
100 101 T
101 102 G
102 103 G
103 104 T
104 105 C
105 106 A
106 107 A
107 108 G
108 109 T
109 110 C
110 111 G
111 112 A
112 113 T
113 114 G
114 115 C
115 116 G
116 117 A
117 118 A
118 119 A
119 120 C
120 121 T
121 122 T
122 123 C
123 124 C
124 125 T
125 126 A
126 127 T
127 128 C
128 129 G
129 130 A
130 131 C
131 132 T
132 133 G
133 134 T
134 135 A
135 136 A
136 137 C
137 138 A
138 139 C
139 140 G
140 141 A
141 142 A
142 143 G
143 144 A
144 145 A
145 146 A
146 147 G
147 148 G
148 149 G
149 150 T
150 151 C
151 152 C
152 153 G
153 154 T
154 155 T
155 156 C
156 157 C
157 158 T
158 159 G
159 160 A
160 161 A
161 162 T
162 163 C
163 164 G
164 165 T
165 166 G
166 167 A
167 168 C
168 169 T
169 170 C
170 171 A
171 172 G
172 173 C
173 174 A
174 175 G
175 176 C
176 177 T
177 178 G
178 179 C
179 180 C
180 181 T
181 182 T
182 183 C
183 184 A
184 185 T
185 186 A
186 187 G
187 188 A
188 189 G
189 190 G
190 191 T
191 192 G
94 2989 A
2989 5080 C
5080 5081 T
5081 5082 A
5082 5083 T
5083 5084 T
5084 5085 G
5085 5086 T
5086 5087 T
5087 5088 C
5088 5089 T
5089 5090 G
5090 5091 C
5091 5092 T
5092 5093 A
5093 5094 G
5094 5095 T
5095 5096 C
5096 5097 G
5097 5098 G
5098 5099 T
5099 5100 C
5100 5101 C
5101 5102 C
5102 5103 T
5103 5104 T
5104 5105 T
5105 5106 G
5106 5107 T
5107 5108 C
5108 5109 T
5109 5110 C
5110 5111 C
5111 5112 T
5112 5113 A
5113 5114 G
5114 5115 T
5115 5116 A
5116 5117 T
5117 5118 T
5118 5119 A
5119 5120 T
5120 5121 C
5121 5122 G
5122 5123 G
5123 5124 C
5124 5125 C
5125 5126 T
5126 5127 C
5127 5128 T
5128 5129 G
5129 5130 G
5130 5131 A
5131 5132 C
5132 5133 A
5133 5134 A
5134 5135 A
5135 5136 A
5136 5137 C
5137 5138 G
5138 5139 A
5139 5140 A
5140 5141 G
5141 5142 C
5142 5143 A
5143 5144 G
5144 5145 A
5145 5146 T
5146 5147 T
5147 5148 T
5148 5149 G
5149 5150 T
5150 5151 C
5151 5152 C
5152 5153 G
5153 5154 G
5154 5155 T
5155 5156 A
5156 5157 T
5157 5158 C
5158 5159 G
5159 5160 G
5160 5161 C
2989 2990 A
2990 2991 A
2991 2992 T
2992 2993 G
2993 2994 T
2994 2995 A
2995 2996 G
2996 2997 A
2997 2998 G
2998 2999 A
2999 3000 G
3000 3001 G
3001 3002 G
3002 3003 C
3003 3004 A
3004 3005 C
3005 3006 G
3006 3007 C
3007 3008 C
3008 3009 C
3009 3010 A
3010 3011 C
3011 3012 C
3012 3013 A
3013 3014 C
3014 3015 T
3015 3016 G
3016 3017 A
3017 3018 A
3018 3019 A
3019 3020 C
3020 3021 C
3021 3022 T
3022 3023 T
3023 3024 T
3024 3025 T
3025 3026 C
3026 3027 A
3027 3028 G
3028 3029 T
3029 3030 T
3030 3031 C
3031 3032 G
3032 3033 T
3033 3034 G
3034 3035 C
3035 3036 A
3036 3037 A
3037 3038 A
3038 3039 C
3039 3040 T
3040 3041 G
3041 3042 G
3042 3043 T
3043 3044 G
3044 3045 A
3045 3046 C
3046 3047 T
3047 3048 G
3048 3049 A
3049 3050 A
3050 3051 C
3051 3052 G
3052 3053 C
3053 3054 G
3054 3055 C
3055 3056 T
3056 3057 C
3057 3058 G
3058 3059 A
3059 3060 T
3060 3061 G
3061 3062 T
3062 3063 T
3063 3064 T
3064 3065 G
3065 3066 A
3066 3067 C
3067 3068 G
3068 3069 C
3069 3070 C
3070 3071 A
3071 3072 C
3072 3073 T
3073 3074 A
3074 3075 G
3075 3076 C
3076 3077 C
3077 3078 T
3078 3079 G
3079 3080 C
3080 3081 A
3081 3082 G
3082 3083 C
3083 3084 G
94 3956 T
3956 3957 G
3957 3958 C
3958 3959 T
3959 3960 T
3960 3961 G
3961 3962 G
3962 3963 A
3963 3964 A
3964 3965 T
3965 3966 C
3966 3967 G
3967 3968 G
3968 3969 T
3969 3970 G
3970 3971 T
3971 3972 T
3972 3973 G
3973 3974 G
3974 3975 G
3975 3976 A
3976 3977 A
3977 3978 C
3978 3979 G
3979 3980 G
3980 3981 C
3981 3982 T
3982 3983 C
3983 3984 A
3984 3985 G
3985 3986 C
3986 3987 C
3987 3988 A
3988 3989 G
3989 3990 G
3990 3991 T
3991 3992 T
3992 3993 A
3993 3994 C
3994 3995 C
3995 3996 T
3996 3997 T
3997 3998 G
3998 3999 T
3999 4000 G
4000 4001 C
4001 4002 G
4002 4003 G
4003 4004 T
4004 4005 C
4005 4006 G
4006 4007 C
4007 4008 C
4008 4009 C
4009 4010 A
4010 4011 G
4011 4012 T
4012 4013 G
4013 4014 T
4014 4015 C
4015 4016 A
4016 4017 T
4017 4018 C
4018 4019 A
4019 4020 G
4020 4021 G
4021 4022 C
4022 4023 A
4023 4024 A
4024 4025 C
4025 4026 T
4026 4027 C
4027 4028 G
4028 4029 T
4029 4030 T
4030 4031 C
4031 4032 G
4032 4033 C
4033 4034 G
4034 4035 A
4035 4036 G
4036 4037 T
93 1561 G
1561 6040 C
6040 7639 C
7639 7640 T
7640 7641 G
7641 7642 G
7642 7643 T
7643 7644 G
7644 7645 G
7645 7646 G
7646 7647 T
7647 7648 T
7648 7649 C
7649 7650 C
7650 7651 G
7651 7652 C
7652 7653 T
7653 7654 A
7654 7655 A
7655 7656 T
7656 7657 C
7657 7658 G
7658 7659 C
7659 7660 G
7660 7661 G
7661 7662 A
7662 7663 A
7663 7664 A
7664 7665 A
7665 7666 A
7666 7667 A
7667 7668 T
7668 7669 G
7669 7670 A
7670 7671 T
7671 7672 T
7672 7673 T
7673 7674 T
7674 7675 C
7675 7676 T
7676 7677 G
7677 7678 T
7678 7679 G
7679 7680 C
7680 7681 A
7681 7682 C
7682 7683 T
7683 7684 G
7684 7685 A
7685 7686 G
7686 7687 C
7687 7688 C
7688 7689 G
7689 7690 A
7690 7691 G
7691 7692 G
7692 7693 T
7693 7694 C
7694 7695 G
7695 7696 C
7696 7697 C
7697 7698 C
7698 7699 T
7699 7700 G
7700 7701 G
7701 7702 A
7702 7703 C
7703 7704 G
7704 7705 C
7705 7706 T
7706 7707 A
7707 7708 A
7708 7709 C
7709 7710 G
7710 7711 C
7711 7712 A
7712 7713 A
7713 7714 C
7714 7715 C
7715 7716 T
6040 6041 A
6041 6042 G
6042 6043 A
6043 6044 T
6044 6045 A
6045 6046 T
6046 6047 G
6047 6048 G
6048 6049 G
6049 6050 A
6050 6051 A
6051 6052 G
6052 6053 A
6053 6054 T
6054 6055 C
6055 6056 G
6056 6057 T
6057 6058 T
6058 6059 A
6059 6060 G
6060 6061 T
6061 6062 G
6062 6063 T
6063 6064 T
6064 6065 G
6065 6066 G
6066 6067 G
6067 6068 C
6068 6069 G
6069 6070 C
6070 6071 G
6071 6072 G
6072 6073 T
6073 6074 T
6074 6075 T
6075 6076 A
6076 6077 C
6077 6078 G
6078 6079 A
6079 6080 T
6080 6081 C
6081 6082 T
6082 6083 A
6083 6084 G
6084 6085 G
6085 6086 T
6086 6087 A
6087 6088 C
6088 6089 T
6089 6090 C
6090 6091 C
6091 6092 C
6092 6093 A
6093 6094 C
6094 6095 C
6095 6096 T
6096 6097 G
6097 6098 A
6098 6099 A
6099 6100 T
6100 6101 A
6101 6102 C
6102 6103 A
6103 6104 G
6104 6105 T
6105 6106 A
6106 6107 G
6107 6108 A
6108 6109 T
6109 6110 T
6110 6111 C
6111 6112 A
6112 6113 T
6113 6114 A
6114 6115 C
6115 6116 G
6116 6117 A
6117 6118 G
6118 6119 A
6119 6120 G
6120 6121 A
6121 6122 C
6122 6123 C
6123 6124 A
6124 6125 G
6125 6126 C
6126 6127 G
6127 6128 G
6128 6129 A
1561 2910 G
2910 2911 C
2911 2912 T
2912 2913 T
2913 2914 C
2914 2915 T
2915 2916 C
2916 2917 C
2917 2918 G
2918 2919 C
2919 2920 C
2920 2921 G
2921 2922 A
2922 2923 A
2923 2924 C
2924 2925 T
2925 2926 C
2926 2927 T
2927 2928 A
2928 2929 G
2929 2930 C
2930 2931 G
2931 2932 A
2932 2933 G
2933 2934 C
2934 2935 C
2935 2936 G
2936 2937 G
2937 2938 T
2938 2939 T
2939 2940 C
2940 2941 C
2941 2942 C
2942 2943 G
2943 2944 C
2944 2945 T
2945 2946 C
2946 2947 T
2947 2948 T
2948 2949 C
2949 2950 T
2950 2951 G
2951 2952 C
2952 2953 A
2953 2954 T
2954 2955 A
2955 2956 C
2956 2957 A
2957 2958 C
2958 2959 G
2959 2960 C
2960 2961 A
2961 2962 A
2962 2963 C
2963 2964 A
2964 2965 T
2965 2966 G
2966 2967 T
2967 2968 A
2968 2969 T
2969 2970 G
2970 2971 A
2971 2972 C
2972 2973 T
2973 2974 C
2974 2975 C
2975 2976 C
2976 2977 C
2977 2978 C
2978 2979 G
2979 2980 T
2980 2981 T
2981 2982 G
2982 2983 C
2983 2984 G
2984 2985 T
2985 2986 C
2986 2987 A
2987 2988 A
2910 6766 A
6766 6767 C
6767 6768 T
6768 6769 G
6769 6770 A
6770 6771 T
6771 6772 T
6772 6773 C
6773 6774 G
6774 6775 C
6775 6776 A
6776 6777 T
6777 6778 G
6778 6779 T
6779 6780 C
6780 6781 G
6781 6782 G
6782 6783 C
6783 6784 T
6784 6785 A
6785 6786 C
6786 6787 C
6787 6788 A
6788 6789 G
6789 6790 G
6790 6791 T
6791 6792 G
6792 6793 A
6793 6794 G
6794 6795 T
6795 6796 T
6796 6797 A
6797 6798 C
6798 6799 A
6799 6800 T
6800 6801 A
6801 6802 C
6802 6803 C
6803 6804 T
6804 6805 A
6805 6806 C
6806 6807 T
6807 6808 G
6808 6809 T
6809 6810 A
6810 6811 A
6811 6812 A
6812 6813 C
6813 6814 A
6814 6815 G
6815 6816 A
6816 6817 A
6817 6818 A
6818 6819 C
6819 6820 G
6820 6821 C
6821 6822 A
6822 6823 G
6823 6824 G
6824 6825 A
6825 6826 G
6826 6827 G
6827 6828 C
6828 6829 C
6829 6830 A
6830 6831 A
6831 6832 G
6832 6833 A
6833 6834 C
6834 6835 T
6835 6836 T
6836 6837 C
6837 6838 G
6838 6839 T
6839 6840 C
6840 6841 C
6841 6842 T
6842 6843 C
6843 6844 C
6844 6845 G
6845 6846 A
6846 6847 T
6847 6848 G
6848 6849 T
6849 6850 C
1561 2637 A
2637 2638 G
2638 2639 T
2639 2640 A
2640 2641 C
2641 2642 C
2642 2643 T
2643 2644 A
2644 2645 A
2645 2646 G
2646 2647 T
2647 2648 G
2648 2649 T
2649 2650 A
2650 2651 A
2651 2652 T
2652 2653 C
2653 2654 G
2654 2655 G
2655 2656 T
2656 2657 A
2657 2658 G
2658 2659 A
2659 2660 T
2660 2661 T
2661 2662 A
2662 2663 C
2663 2664 A
2664 2665 C
2665 2666 C
2666 2667 C
2667 2668 C
2668 2669 A
2669 2670 C
2670 2671 A
2671 2672 T
2672 2673 G
2673 2674 G
2674 2675 C
2675 2676 A
2676 2677 A
2677 2678 C
2678 2679 T
2679 2680 C
2680 2681 G
2681 2682 C
2682 2683 T
2683 2684 C
2684 2685 A
2685 2686 T
2686 2687 T
2687 2688 G
2688 2689 C
2689 2690 A
2690 2691 C
2691 2692 A
2692 2693 T
2693 2694 T
2694 2695 A
2695 2696 C
2696 2697 A
2697 2698 C
2698 2699 T
2699 2700 C
2700 2701 G
2701 2702 T
2702 2703 G
2703 2704 T
2704 2705 C
2705 2706 C
2706 2707 C
2707 2708 C
2708 2709 T
2709 2710 G
2710 2711 A
2711 2712 A
2712 2713 G
2713 2714 C
2714 2715 C
2715 2716 A
2637 3787 A
3787 3788 C
3788 3789 G
3789 3790 C
3790 3791 A
3791 3792 A
3792 3793 A
3793 3794 A
3794 3795 C
3795 3796 T
3796 3797 A
3797 3798 G
3798 3799 A
3799 3800 C
3800 3801 T
3801 3802 C
3802 3803 C
3803 3804 G
3804 3805 C
3805 3806 G
3806 3807 T
3807 3808 A
3808 3809 C
3809 3810 T
3810 3811 T
3811 3812 C
3812 3813 A
3813 3814 G
3814 3815 G
3815 3816 A
3816 3817 G
3817 3818 G
3818 3819 A
3819 3820 A
3820 3821 T
3821 3822 A
3822 3823 T
3823 3824 C
3824 3825 A
3825 3826 G
3826 3827 A
3827 3828 G
3828 3829 A
3829 3830 G
3830 3831 T
3831 3832 C
3832 3833 T
3833 3834 C
3834 3835 G
3835 3836 A
3836 3837 G
3837 3838 T
3838 3839 T
3839 3840 A
3840 3841 T
3841 3842 T
3842 3843 A
3843 3844 A
3844 3845 C
3845 3846 G
3846 3847 C
3847 3848 A
3848 3849 G
3849 3850 G
3850 3851 A
3851 3852 A
3852 3853 A
3853 3854 G
3854 3855 G
3855 3856 T
3856 3857 T
3857 3858 A
3858 3859 A
3859 3860 G
3860 3861 T
3861 3862 T
3862 3863 T
3863 3864 T
3864 3865 G
3865 3866 A
3866 3867 C
3867 3868 G
3868 3869 C
3869 3870 C
3870 3871 T
3871 3872 A
3872 3873 T
3873 3874 C
3874 3875 T
1561 1562 T
1562 3615 C
3615 3616 G
3616 3617 C
3617 3618 A
3618 3619 A
3619 3620 G
3620 3621 C
3621 3622 T
3622 3623 A
3623 3624 C
3624 3625 G
3625 3626 G
3626 3627 G
3627 3628 G
3628 3629 C
3629 3630 G
3630 3631 T
3631 3632 A
3632 3633 T
3633 3634 G
3634 3635 A
3635 3636 A
3636 3637 C
3637 3638 A
3638 3639 T
3639 3640 A
3640 3641 G
3641 3642 G
3642 3643 C
3643 3644 G
3644 3645 G
3645 3646 G
3646 3647 A
3647 3648 G
3648 3649 C
3649 3650 T
3650 3651 G
3651 3652 A
3652 3653 A
3653 3654 A
3654 3655 C
3655 3656 C
3656 3657 T
3657 3658 A
3658 3659 T
3659 3660 G
3660 3661 G
3661 3662 G
3662 3663 A
3663 3664 C
3664 3665 C
3665 3666 C
3666 3667 G
3667 3668 A
3668 3669 C
3669 3670 C
3670 3671 G
3671 3672 A
3672 3673 C
3673 3674 T
3674 3675 A
3675 3676 C
3676 3677 C
3677 3678 T
3678 3679 A
3679 3680 G
3680 3681 G
3681 3682 C
3682 3683 C
3683 3684 A
3684 3685 G
3685 3686 C
3686 3687 A
3687 3688 C
3688 3689 G
3689 3690 A
3690 3691 C
3691 3692 C
3692 3693 T
3693 3694 G
3694 3695 T
3695 3696 T
3696 3697 T
3697 3698 T
3698 3699 G
3699 3700 T
3700 3701 G
3701 3702 C
3702 3703 C
1562 5441 A
5441 5442 A
5442 5443 A
5443 5444 G
5444 5445 T
5445 5446 T
5446 5447 G
5447 5448 T
5448 5449 G
5449 5450 G
5450 5451 A
5451 5452 G
5452 5453 G
5453 5454 G
5454 5455 G
5455 5456 T
5456 5457 C
5457 5458 C
5458 5459 A
5459 5460 T
5460 5461 G
5461 5462 T
5462 5463 A
5463 5464 T
5464 5465 T
5465 5466 G
5466 5467 T
5467 5468 C
5468 5469 C
5469 5470 G
5470 5471 A
5471 5472 C
5472 5473 T
5473 5474 A
5474 5475 C
5475 5476 A
5476 5477 T
5477 5478 C
5478 5479 A
5479 5480 A
5480 5481 C
5481 5482 T
5482 5483 A
5483 5484 A
5484 5485 T
5485 5486 A
5486 5487 T
5487 5488 A
5488 5489 C
5489 5490 G
5490 5491 C
5491 5492 A
5492 5493 T
5493 5494 C
5494 5495 C
5495 5496 C
5496 5497 T
5497 5498 G
5498 5499 G
5499 5500 T
5500 5501 C
5501 5502 T
5502 5503 C
5503 5504 T
5504 5505 C
5505 5506 C
5506 5507 G
5507 5508 C
5508 5509 G
5509 5510 G
5510 5511 C
5511 5512 G
5512 5513 T
5513 5514 A
5514 5515 C
5515 5516 C
5516 5517 G
5517 5518 C
5518 5519 T
5519 5520 C
5520 5521 T
5521 5522 G
5522 5523 C
5523 5524 C
5524 5525 G
5525 5526 A
5526 5527 A
5527 5528 T
1562 1563 T
1563 1564 C
1564 1565 T
1565 1566 A
1566 1567 A
1567 1568 A
1568 1569 C
1569 1570 C
1570 1571 G
1571 1572 G
1572 1573 G
1573 1574 A
1574 1575 T
1575 1576 A
1576 1577 T
1577 1578 C
1578 1579 G
1579 1580 A
1580 1581 T
1581 1582 G
1582 1583 G
1583 1584 A
1584 1585 A
1585 1586 C
1586 1587 C
1587 1588 A
1588 1589 T
1589 1590 A
1590 1591 T
1591 1592 C
1592 1593 T
1593 1594 G
1594 1595 G
1595 1596 G
1596 1597 G
1597 1598 A
1598 1599 A
1599 1600 G
1600 1601 A
1601 1602 G
1602 1603 A
1603 1604 T
1604 1605 T
1605 1606 C
1606 1607 T
1607 1608 C
1608 1609 G
1609 1610 T
1610 1611 T
1611 1612 G
1612 1613 G
1613 1614 A
1614 1615 G
1615 1616 A
1616 1617 G
1617 1618 G
1618 1619 T
1619 1620 G
1620 1621 A
1621 1622 C
1622 1623 C
1623 1624 C
1624 1625 G
1625 1626 T
1626 1627 A
1627 1628 A
1628 1629 C
1629 1630 T
1630 1631 T
1631 1632 T
1632 1633 T
1633 1634 G
1634 1635 A
1635 1636 T
1636 1637 A
1637 1638 T
1638 1639 G
1639 1640 G
1640 1641 G
1641 1642 C
1642 1643 G
1643 1644 A
1644 1645 T
1645 1646 C
1646 1647 A
1647 1648 C
1648 1649 C
1649 1650 G
1650 1651 T
1651 1652 A
1652 1653 T
1653 1654 C
1654 1655 G
1655 1656 C
1656 1657 A
93 1379 A
1379 1380 T
1380 1381 G
1381 1382 T
1382 1383 T
1383 1384 A
1384 1385 T
1385 1386 G
1386 1387 T
1387 1388 T
1388 1389 C
1389 1390 C
1390 1391 T
1391 1392 C
1392 1393 A
1393 1394 G
1394 1395 T
1395 1396 A
1396 1397 G
1397 1398 A
1398 1399 C
1399 1400 A
1400 1401 C
1401 1402 A
1402 1403 A
1403 1404 C
1404 1405 C
1405 1406 C
1406 1407 A
1407 1408 A
1408 1409 C
1409 1410 G
1410 1411 T
1411 1412 A
1412 1413 G
1413 1414 C
1414 1415 A
1415 1416 A
1416 1417 T
1417 1418 A
1418 1419 G
1419 1420 G
1420 1421 G
1421 1422 A
1422 1423 A
1423 1424 C
1424 1425 A
1425 1426 G
1426 1427 T
1427 1428 T
1428 1429 C
1429 1430 T
1430 1431 C
1431 1432 G
1432 1433 T
1433 1434 T
1434 1435 G
1435 1436 A
1436 1437 C
1437 1438 C
1438 1439 T
1439 1440 C
1440 1441 G
1441 1442 C
1442 1443 G
1443 1444 C
1444 1445 G
1445 1446 G
1446 1447 G
1447 1448 A
1448 1449 T
1449 1450 C
1450 1451 C
1451 1452 T
1452 1453 C
1453 1454 A
1454 1455 T
1455 1456 T
1456 1457 G
1457 1458 T
1458 1459 A
1459 1460 C
1460 1461 C
1461 1462 G
1462 1463 G
1463 1464 T
1464 1465 T
1465 1466 T
1466 1467 T
1467 1468 A
1468 1469 A
1469 1470 C
1470 1471 C
1471 1472 C
1472 1473 T
1473 1474 G
1380 8073 A
8073 8074 C
8074 8075 A
8075 8076 C
8076 8077 G
8077 8078 A
8078 8079 A
8079 8080 C
8080 8081 T
8081 8082 G
8082 8083 A
8083 8084 C
8084 8085 C
8085 8086 C
8086 8087 G
8087 8088 T
8088 8089 A
8089 8090 T
8090 8091 A
8091 8092 C
8092 8093 A
8093 8094 G
8094 8095 A
8095 8096 C
8096 8097 T
8097 8098 T
8098 8099 C
8099 8100 C
8100 8101 C
8101 8102 T
8102 8103 T
8103 8104 C
8104 8105 C
8105 8106 C
8106 8107 C
8107 8108 G
8108 8109 T
8109 8110 T
8110 8111 G
8111 8112 C
8112 8113 G
8113 8114 T
8114 8115 T
8115 8116 A
8116 8117 A
8117 8118 A
8118 8119 C
8119 8120 G
8120 8121 G
8121 8122 T
8122 8123 A
8123 8124 T
8124 8125 G
8125 8126 G
8126 8127 C
8127 8128 A
8128 8129 T
8129 8130 T
8130 8131 C
8131 8132 T
8132 8133 C
8133 8134 T
8134 8135 T
8135 8136 A
8136 8137 T
8137 8138 A
8138 8139 T
8139 8140 T
8140 8141 A
8141 8142 C
8142 8143 G
8143 8144 T
8144 8145 T
8145 8146 T
8146 8147 A
8147 8148 C
8148 8149 G
8149 8150 C
8150 8151 G
8151 8152 G
8152 8153 T
8153 8154 C
8154 8155 A
8155 8156 G
8156 8157 C
8157 8158 C
8158 8159 A
8159 8160 C
8160 8161 T
8161 8162 G
8162 8163 T
8163 8164 A
8164 8165 A
1380 1475 T
1475 1476 C
1476 6672 A
6672 6673 C
6673 6674 C
6674 6675 G
6675 6676 G
6676 6677 A
6677 6678 A
6678 6679 A
6679 6680 T
6680 6681 G
6681 6682 C
6682 6683 G
6683 6684 A
6684 6685 A
6685 6686 A
6686 6687 G
6687 6688 C
6688 6689 A
6689 6690 T
6690 6691 A
6691 6692 T
6692 6693 G
6693 6694 A
6694 6695 T
6695 6696 A
6696 6697 C
6697 6698 A
6698 6699 C
6699 6700 G
6700 6701 A
6701 6702 G
6702 6703 T
6703 6704 T
6704 6705 T
6705 6706 T
6706 6707 A
6707 6708 G
6708 6709 C
6709 6710 C
6710 6711 G
6711 6712 A
6712 6713 C
6713 6714 T
6714 6715 A
6715 6716 T
6716 6717 G
6717 6718 A
6718 6719 T
6719 6720 G
6720 6721 A
6721 6722 G
6722 6723 T
6723 6724 G
6724 6725 T
6725 6726 C
6726 6727 G
6727 6728 T
6728 6729 A
6729 6730 C
6730 6731 C
6731 6732 C
6732 6733 C
6733 6734 A
6734 6735 C
6735 6736 A
6736 6737 G
6737 6738 C
6738 6739 A
6739 6740 T
6740 6741 T
6741 6742 G
6742 6743 G
6743 6744 C
6744 6745 A
6745 6746 C
6746 6747 C
6747 6748 A
6748 6749 A
6749 6750 A
6750 6751 C
6751 6752 T
6752 6753 C
6753 6754 G
6754 6755 A
6755 6756 A
6756 6757 A
6757 6758 C
6758 6759 G
6759 6760 A
6760 6761 T
6761 6762 G
6762 6763 G
6763 6764 A
6764 6765 G
1476 1477 T
1477 1478 C
1478 1479 A
1479 1480 C
1480 1481 T
1481 1482 C
1482 1483 G
1483 1484 G
1484 1485 C
1485 1486 G
1486 1487 G
1487 1488 G
1488 1489 C
1489 1490 T
1490 1491 T
1491 1492 T
1492 1493 A
1493 1494 A
1494 1495 C
1495 1496 A
1496 1497 C
1497 1498 A
1498 1499 C
1499 1500 G
1500 1501 C
1501 1502 T
1502 1503 A
1503 1504 A
1504 1505 A
1505 1506 A
1506 1507 C
1507 1508 G
1508 1509 G
1509 1510 C
1510 1511 A
1511 1512 A
1512 1513 G
1513 1514 A
1514 1515 A
1515 1516 G
1516 1517 G
1517 1518 G
1518 1519 G
1519 1520 A
1520 1521 G
1521 1522 T
1522 1523 A
1523 1524 A
1524 1525 T
1525 1526 G
1526 1527 A
1527 1528 C
1528 1529 A
1529 1530 A
1530 1531 C
1531 1532 A
1532 1533 C
1533 1534 A
1534 1535 T
1535 1536 G
1536 1537 C
1537 1538 C
1538 1539 T
1539 1540 C
1540 1541 C
1541 1542 G
1542 1543 A
1543 1544 C
1544 1545 G
1545 1546 C
1546 1547 T
1547 1548 C
1548 1549 A
1549 1550 C
1550 1551 A
1551 1552 A
1552 1553 C
1553 1554 G
1554 1555 A
1555 1556 T
1556 1557 T
1557 1558 C
1558 1559 T
1559 1560 G
93 1117 T
1117 1118 C
1118 5255 G
5255 5256 G
5256 5257 C
5257 5258 T
5258 5259 G
5259 5260 A
5260 5261 T
5261 5262 T
5262 5263 G
5263 5264 A
5264 5265 T
5265 5266 T
5266 5267 C
5267 5268 A
5268 5269 A
5269 5270 T
5270 5271 C
5271 5272 C
5272 5273 G
5273 5274 T
5274 5275 C
5275 5276 C
5276 5277 A
5277 5278 T
5278 5279 A
5279 5280 A
5280 5281 A
5281 5282 C
5282 5283 G
5283 5284 G
5284 5285 C
5285 5286 T
5286 5287 T
5287 5288 G
5288 5289 T
5289 5290 A
5290 5291 G
5291 5292 T
5292 5293 A
5293 5294 C
5294 5295 C
5295 5296 G
5296 5297 A
5297 5298 G
5298 5299 G
5299 5300 T
5300 5301 T
5301 5302 C
5302 5303 A
5303 5304 G
5304 5305 T
5305 5306 C
5306 5307 C
5307 5308 C
5308 5309 T
5309 5310 T
5310 5311 G
5311 5312 C
5312 5313 G
5313 5314 G
5314 5315 T
5315 5316 G
5316 5317 C
5317 5318 T
5318 5319 A
5319 5320 C
5320 5321 A
5321 5322 T
5322 5323 C
5323 5324 C
5324 5325 G
5325 5326 T
5326 5327 G
5327 5328 G
5328 5329 T
5329 5330 A
5330 5331 A
5331 5332 A
5332 5333 G
5333 5334 T
5334 5335 C
5335 5336 T
5336 5337 T
5337 5338 C
5338 5339 A
5339 5340 C
5340 5341 G
5341 5342 C
5342 5343 G
5343 5344 C
1118 1119 A
1119 1120 A
1120 1121 G
1121 1122 A
1122 1123 A
1123 1124 G
1124 1125 C
1125 1126 T
1126 1127 A
1127 1128 A
1128 1129 T
1129 1130 A
1130 1131 A
1131 1132 C
1132 1133 C
1133 1134 C
1134 1135 C
1135 1136 G
1136 1137 G
1137 1138 C
1138 1139 A
1139 1140 G
1140 1141 C
1141 1142 G
1142 1143 G
1143 1144 A
1144 1145 G
1145 1146 T
1146 1147 A
1147 1148 T
1148 1149 C
1149 1150 G
1150 1151 C
1151 1152 C
1152 1153 C
1153 1154 G
1154 1155 T
1155 1156 G
1156 1157 G
1157 1158 T
1158 1159 G
1159 1160 A
1160 1161 C
1161 1162 C
1162 1163 C
1163 1164 C
1164 1165 C
1165 1166 A
1166 1167 C
1167 1168 G
1168 1169 A
1169 1170 T
1170 1171 T
1171 1172 T
1172 1173 G
1173 1174 A
1174 1175 A
1175 1176 A
1176 1177 T
1177 1178 G
1178 1179 T
1179 1180 T
1180 1181 T
1181 1182 A
1182 1183 A
1183 1184 G
1184 1185 C
1185 1186 A
1186 1187 G
1187 1188 A
1188 1189 T
1189 1190 A
1190 1191 G
1191 1192 G
1192 1193 T
1193 1194 A
1194 1195 A
1195 1196 G
1196 1197 A
1197 1198 C
1198 1199 G
1199 1200 G
1200 1201 G
1201 1202 C
1117 3525 G
3525 7462 G
7462 7463 C
7463 7464 A
7464 7465 T
7465 7466 A
7466 7467 T
7467 7468 T
7468 7469 T
7469 7470 A
7470 7471 A
7471 7472 G
7472 7473 T
7473 7474 T
7474 7475 G
7475 7476 A
7476 7477 A
7477 7478 A
7478 7479 G
7479 7480 C
7480 7481 C
7481 7482 G
7482 7483 C
7483 7484 C
7484 7485 C
7485 7486 T
7486 7487 C
7487 7488 G
7488 7489 G
7489 7490 C
7490 7491 A
7491 7492 G
7492 7493 T
7493 7494 T
7494 7495 T
7495 7496 G
7496 7497 G
7497 7498 G
7498 7499 A
7499 7500 C
7500 7501 G
7501 7502 T
7502 7503 C
7503 7504 T
7504 7505 A
7505 7506 G
7506 7507 C
7507 7508 T
7508 7509 C
7509 7510 T
7510 7511 G
7511 7512 G
7512 7513 T
7513 7514 G
7514 7515 G
7515 7516 T
7516 7517 C
7517 7518 A
7518 7519 C
7519 7520 A
7520 7521 A
7521 7522 T
7522 7523 G
7523 7524 T
7524 7525 G
7525 7526 T
7526 7527 G
7527 7528 T
7528 7529 G
7529 7530 G
7530 7531 C
7531 7532 G
7532 7533 T
7533 7534 C
7534 7535 T
7535 7536 C
7536 7537 A
7537 7538 A
7538 7539 A
7539 7540 A
7540 7541 T
7541 7542 A
7542 7543 A
7543 7544 A
7544 7545 T
7545 7546 C
7546 7547 C
7547 7548 A
7548 7549 A
7549 7550 A
7550 7551 A
7551 7552 G
7552 7553 T
7553 7554 T
3525 3526 A
3526 3527 C
3527 3528 C
3528 3529 A
3529 3530 G
3530 3531 C
3531 3532 C
3532 3533 C
3533 3534 T
3534 3535 T
3535 3536 G
3536 3537 C
3537 3538 A
3538 3539 C
3539 3540 G
3540 3541 T
3541 3542 G
3542 3543 A
3543 3544 C
3544 3545 G
3545 3546 C
3546 3547 T
3547 3548 T
3548 3549 A
3549 3550 C
3550 3551 C
3551 3552 C
3552 3553 G
3553 3554 A
3554 3555 G
3555 3556 T
3556 3557 A
3557 3558 G
3558 3559 G
3559 3560 G
3560 3561 A
3561 3562 A
3562 3563 C
3563 3564 G
3564 3565 T
3565 3566 T
3566 3567 A
3567 3568 A
3568 3569 T
3569 3570 A
3570 3571 A
3571 3572 G
3572 3573 A
3573 3574 G
3574 3575 T
3575 3576 A
3576 3577 A
3577 3578 G
3578 3579 T
3579 3580 G
3580 3581 A
3581 3582 C
3582 3583 A
3583 3584 C
3584 3585 C
3585 3586 G
3586 3587 A
3587 3588 T
3588 3589 G
3589 3590 G
3590 3591 C
3591 3592 G
3592 3593 C
3593 3594 G
3594 3595 G
3595 3596 A
3596 3597 G
3597 3598 A
3598 3599 T
3599 3600 T
3600 3601 T
3601 3602 C
3602 3603 A
3603 3604 A
3604 3605 G
3605 3606 C
3606 3607 T
3607 3608 C
3608 3609 A
3609 3610 T
3610 3611 A
3611 3612 A
3612 3613 A
3613 3614 C
1117 3177 A
3177 3178 A
3178 3179 T
3179 3180 G
3180 3181 A
3181 3182 T
3182 3183 T
3183 3184 T
3184 3185 C
3185 3186 G
3186 3187 G
3187 3188 A
3188 3189 T
3189 3190 G
3190 3191 G
3191 3192 T
3192 3193 G
3193 3194 T
3194 3195 G
3195 3196 C
3196 3197 T
3197 3198 G
3198 3199 T
3199 3200 A
3200 3201 G
3201 3202 G
3202 3203 A
3203 3204 T
3204 3205 A
3205 3206 G
3206 3207 T
3207 3208 T
3208 3209 A
3209 3210 T
3210 3211 A
3211 3212 C
3212 3213 T
3213 3214 A
3214 3215 T
3215 3216 T
3216 3217 T
3217 3218 C
3218 3219 G
3219 3220 C
3220 3221 A
3221 3222 C
3222 3223 T
3223 3224 A
3224 3225 G
3225 3226 T
3226 3227 A
3227 3228 T
3228 3229 G
3229 3230 T
3230 3231 A
3231 3232 G
3232 3233 G
3233 3234 G
3234 3235 C
3235 3236 A
3236 3237 G
3237 3238 C
3238 3239 A
3239 3240 A
3240 3241 G
3241 3242 A
3242 3243 G
3243 3244 T
3244 3245 A
3245 3246 T
3246 3247 G
3247 3248 T
3248 3249 C
3249 3250 A
3250 3251 T
3251 3252 A
3252 3253 T
3253 3254 C
3254 3255 G
3255 3256 T
3177 5782 T
5782 5783 A
5783 5784 T
5784 5785 G
5785 5786 T
5786 5787 T
5787 5788 C
5788 5789 A
5789 5790 T
5790 5791 C
5791 5792 G
5792 5793 C
5793 5794 T
5794 5795 C
5795 5796 C
5796 5797 G
5797 5798 A
5798 5799 C
5799 5800 C
5800 5801 A
5801 5802 G
5802 5803 A
5803 5804 G
5804 5805 G
5805 5806 G
5806 5807 A
5807 5808 T
5808 5809 T
5809 5810 C
5810 5811 A
5811 5812 A
5812 5813 T
5813 5814 C
5814 5815 G
5815 5816 G
5816 5817 T
5817 5818 C
5818 5819 G
5819 5820 G
5820 5821 C
5821 5822 T
5822 5823 T
5823 5824 G
5824 5825 T
5825 5826 G
5826 5827 C
5827 5828 T
5828 5829 A
5829 5830 A
5830 5831 T
5831 5832 C
5832 5833 T
5833 5834 A
5834 5835 A
5835 5836 G
5836 5837 C
5837 5838 A
5838 5839 T
5839 5840 T
5840 5841 C
5841 5842 T
5842 5843 G
5843 5844 G
5844 5845 T
5845 5846 G
5846 5847 C
5847 5848 T
5848 5849 C
5849 5850 G
5850 5851 T
5851 5852 A
5852 5853 G
5853 5854 A
5854 5855 T
5855 5856 A
5856 5857 C
5857 5858 T
5858 5859 G
1117 6492 T
6492 6493 A
6493 6494 G
6494 6495 T
6495 6496 C
6496 6497 A
6497 6498 G
6498 6499 C
6499 6500 G
6500 6501 T
6501 6502 G
6502 6503 C
6503 6504 T
6504 6505 T
6505 6506 T
6506 6507 G
6507 6508 T
6508 6509 A
6509 6510 T
6510 6511 A
6511 6512 A
6512 6513 C
6513 6514 G
6514 6515 G
6515 6516 C
6516 6517 T
6517 6518 G
6518 6519 A
6519 6520 C
6520 6521 G
6521 6522 A
6522 6523 C
6523 6524 A
6524 6525 C
6525 6526 C
6526 6527 A
6527 6528 A
6528 6529 A
6529 6530 C
6530 6531 A
6531 6532 A
6532 6533 A
6533 6534 G
6534 6535 T
6535 6536 G
6536 6537 C
6537 6538 G
6538 6539 T
6539 6540 C
6540 6541 G
6541 6542 A
6542 6543 T
6543 6544 A
6544 6545 A
6545 6546 A
6546 6547 A
6547 6548 G
6548 6549 T
6549 6550 G
6550 6551 G
6551 6552 C
6552 6553 A
6553 6554 C
6554 6555 G
6555 6556 C
6556 6557 G
6557 6558 T
6558 6559 G
6559 6560 T
6560 6561 T
6561 6562 A
6562 6563 A
6563 6564 G
6564 6565 G
6565 6566 A
6566 6567 A
6567 6568 A
6568 6569 C
6569 6570 A
6570 6571 C
6571 6572 T
6572 6573 A
6573 6574 T
6574 6575 C
6575 6576 T
